Build started 10.10.2014 2:44:00.
     1>Project "C:\Dgek\Tokyo\Intermediate\ProjectFiles\Tokyo.vcxproj" on node 2 (Build target(s)).
     1>Build:
         "C:\Program Files\Unreal Engine\4.4\Engine\Build\BatchFiles\Build.bat" TokyoEditor Win64 Development "C:\Dgek\Tokyo\Tokyo.uproject" -rocket
         Performing 8 actions (max 4 parallel jobs)
         [2/8] rc.exe ModuleVersionResource.rc.inl
         [3/8] rc.exe Tokyo.rc
         PCH.Tokyo.Tokyo.h.cpp
         Tokyo.generated.cpp
         Tokyo.cpp
         TokyoGameMode.cpp
         TokyoPlayerController.cpp
         [8/8] link.exe UE4Editor-Tokyo.dll
            Creating library C:\Dgek\Tokyo\Intermediate\Build\Win64\TokyoEditor\Development\UE4Editor-Tokyo.lib and object C:\Dgek\Tokyo\Intermediate\Build\Win64\TokyoEditor\Development\UE4Editor-Tokyo.exp
         -------- End Detailed Actions Stats -----------------------------------------------------------
         Cumulative action seconds (8 processors): 0,00 building projects, 16,09 compiling, 0,00 creating app bundles, 0,00 generating debug info, 0,39 linking, 0,00 other
         UBT execution time: 18,59 seconds
     1>Done Building Project "C:\Dgek\Tokyo\Intermediate\ProjectFiles\Tokyo.vcxproj" (Build target(s)).

Build succeeded.

Time Elapsed 00:00:18.77
