Log file open, 10/11/14 02:44:34
LogInit:Display: Running engine for game: Tokyo
LogInit: Version: 4.4.3-2296771+++depot+UE4-Releases+4.4
LogInit: API Version: 2255576
LogInit: Compiled (64-bit): Sep 13 2014 22:30:58
LogInit: Build Configuration: Development
LogInit: Branch Name: ++depot+UE4-Releases+4.4
LogInit: Command line: 
LogInit: Base directory: C:/Program Files/Unreal Engine/4.4/Engine/Binaries/Win64/
LogInit: Rocket: 1
[2014.10.10-22.44.34:918][  0]LogTaskGraph: Started task graph with 3 named threads and 4 total threads.
[2014.10.10-22.44.34:946][  0]LogOnline:Warning: No default platform service specified for OnlineSubsystem
[2014.10.10-22.44.34:955][  0]LogInit: Presizing for 0 objects not considered by GC, pre-allocating 0 bytes.
[2014.10.10-22.44.34:960][  0]LogInit: Object subsystem initialized
[2014.10.10-22.44.34:961][  0]LogInit: Selected Device Profile: [Windows]
[2014.10.10-22.44.34:962][  0]LogInit: Applying CVar settings loaded from the selected device profile: [Windows]
[2014.10.10-22.44.34:964][  0]LogInit: Computer: EVGENY
[2014.10.10-22.44.34:965][  0]LogInit: User: Evgeny
[2014.10.10-22.44.34:966][  0]LogInit: CPU Page size=4096, Cores=4
[2014.10.10-22.44.34:966][  0]LogInit: High frequency timer resolution =3.320317 MHz
[2014.10.10-22.44.34:967][  0]LogMemory: Memory total: Physical=31.9GB (32GB approx) Virtual=131072.0GB
[2014.10.10-22.44.34:967][  0]LogMemory: Platform Memory Stats for Windows
[2014.10.10-22.44.34:967][  0]LogMemory: Process Physical Memory: 60.25 MB used, 60.25 MB peak
[2014.10.10-22.44.34:968][  0]LogMemory: Process Virtual Memory: 38.14 MB used, 38.14 MB peak
[2014.10.10-22.44.34:968][  0]LogMemory: Physical Memory: 7277.73 MB used, 32673.82 MB total
[2014.10.10-22.44.34:968][  0]LogMemory: Virtual Memory: 271.21 MB used, 134217728.00 MB total
[2014.10.10-22.44.35:022][  0]LogD3D11RHI: Found D3D11 adapter 0: NVIDIA GeForce GTX 780 (Feature Level 11_0)
[2014.10.10-22.44.35:022][  0]LogD3D11RHI: Adapter has 2930MB of dedicated video memory, 0MB of dedicated system memory, and 16336MB of shared system memory, 1 output[s]
[2014.10.10-22.44.35:028][  0]LogD3D11RHI: Found D3D11 adapter 1: Microsoft Basic Render Driver (Feature Level 11_0)
[2014.10.10-22.44.35:028][  0]LogD3D11RHI: Adapter has 0MB of dedicated video memory, 0MB of dedicated system memory, and 256MB of shared system memory, 0 output[s]
[2014.10.10-22.44.35:028][  0]LogD3D11RHI: Chosen D3D11 Adapter Id = 0
[2014.10.10-22.44.35:032][  0]LogRHI: Texture pool is 1361 MB (70% of 1945 MB)
[2014.10.10-22.44.35:069][  0]LogD3D11RHI: Async texture creation enabled
[2014.10.10-22.44.35:127][  0]LogTextLocalizationManager:Warning: The selected culture 'ru_RU' is not available; falling back to 'en'
[2014.10.10-22.44.35:183][  0]LogContentStreaming: Texture pool size is 0.000000MB
[2014.10.10-22.44.36:221][  0]LogTargetPlatformManager:Display: Building Assets For Windows
[2014.10.10-22.44.36:539][  0]LogTargetPlatformManager:Display: Building Assets For Windows
[2014.10.10-22.44.36:567][  0]LogDerivedDataCache:Display: Max Cache Size: 512 MB
[2014.10.10-22.44.36:599][  0]LogDerivedDataCache: Loaded boot cache 0.03s 39MB C:/Users/Evgeny/AppData/Local/UnrealEngine/4.4/DerivedDataCache/Boot.ddc.
[2014.10.10-22.44.36:599][  0]LogDerivedDataCache:Display: Loaded Boot cache: C:/Users/Evgeny/AppData/Local/UnrealEngine/4.4/DerivedDataCache/Boot.ddc
[2014.10.10-22.44.36:600][  0]LogDerivedDataCache: FDerivedDataBackendGraph:  Pak pak cache file ../../../../../../Dgek/Tokyo/DerivedDataCache/DDC.ddp not found, will not use a pak cache.
[2014.10.10-22.44.36:600][  0]LogDerivedDataCache: Unable to find inner node Pak for hierarchical cache Hierarchy.
[2014.10.10-22.44.36:613][  0]LogDerivedDataCache:Display: Pak cache opened for reading ../../../Engine/DerivedDataCache/DDC.ddp.
[2014.10.10-22.44.36:626][  0]LogDerivedDataCache: Using Local data cache path C:/Users/Evgeny/AppData/Local/UnrealEngine/4.4/DerivedDataCache: Writable
[2014.10.10-22.44.36:735][  0]LogMeshUtilities: No automatic mesh reduction module available
[2014.10.10-22.44.36:736][  0]LogMeshUtilities: No automatic mesh merging module available
[2014.10.10-22.44.36:988][  0]LogInit: WinSock: version 1.1 (2.2), MaxSocks=32767, MaxUdp=65467
[2014.10.10-22.44.37:508][  0]LogStats:Warning: MetaData mismatch. Did you assign a stat to two groups? New //STATGROUP_Threads//FMonitoredProcess///Thread_728_0///////STATCAT_Advanced//// old //STATGROUP_Threads//FMonitoredProcess///Thread_1f0c_0///////STATCAT_Advanced////
[2014.10.10-22.44.37:508][  0]UdpMessaging: Initializing bridge on interface 0.0.0.0:0 to multicast group 230.0.0.1:6666.
[2014.10.10-22.44.37:611][  0]SourceControl: Info Source control is disabled
[2014.10.10-22.44.37:611][  0]SourceControl: Info Source control is disabled
[2014.10.10-22.44.37:615][  0]SourceControl: Info Source control is disabled
[2014.10.10-22.44.37:730][  0]BlueprintLog: New page: Editor Load
[2014.10.10-22.44.37:800][  0]LogObj: 21455 objects as part of root set at end of initial load.
[2014.10.10-22.44.37:801][  0]LogUObjectAllocator: 4233200 out of 0 bytes used by permanent object pool.
[2014.10.10-22.44.37:961][  0]LogEngine: Initializing Engine...
[2014.10.10-22.44.38:030][  0]LogInit: XAudio2 using '0CH=8:8 30@=8BC@K (Razer Kraken 7.1)' : 2 channels at 44.1 kHz using 16 bits per sample (channel mask 0x3)
[2014.10.10-22.44.38:048][  0]LogInit: FAudioDevice initialized.
[2014.10.10-22.44.38:057][  0]LogAIModule: Creating AISystem for world NewWorld
[2014.10.10-22.44.38:075][  0]LogDerivedDataCache: Saved boot cache 0.02s 39MB C:/Users/Evgeny/AppData/Local/UnrealEngine/4.4/DerivedDataCache/Boot.ddc.
[2014.10.10-22.44.38:077][  0]LogInit: Texture streaming: Enabled
[2014.10.10-22.44.38:098][  0]LogInit: Transaction tracking system initialized
[2014.10.10-22.44.38:188][  0]LogAssetRegistry: FAssetRegistry took 0.0115 seconds to start up
[2014.10.10-22.44.38:517][  0]LogTargetPlatformManager:Display: Building Assets For Windows
[2014.10.10-22.44.38:746][  0]LogTargetPlatformManager:Display: Building Assets For Windows
[2014.10.10-22.44.38:840][  0]LogConsoleResponse:Display: 
[2014.10.10-22.44.38:945][  0]LogStats:Warning: MetaData mismatch. Did you assign a stat to two groups? New //STATGROUP_Threads//FMonitoredProcess///Thread_1aec_0///////STATCAT_Advanced//// old //STATGROUP_Threads//FMonitoredProcess///Thread_1f0c_0///////STATCAT_Advanced////
[2014.10.10-22.44.38:945][  0]LogStats:Warning: MetaData mismatch. Did you assign a stat to two groups? New //STATGROUP_Threads//FMonitoredProcess///Thread_1f7c_0///////STATCAT_Advanced//// old //STATGROUP_Threads//FMonitoredProcess///Thread_1f0c_0///////STATCAT_Advanced////
[2014.10.10-22.44.38:946][  0]SourceControl: Info Source control is disabled
[2014.10.10-22.44.38:946][  0]Cmd: MAP LOAD FILE="../../../../../../Dgek/Tokyo/Content/Levels/TestLevel.umap" TEMPLATE=0 SHOWPROGRESS=1
[2014.10.10-22.44.38:946][  0]LightingResults: New page: Lighting Build
[2014.10.10-22.44.38:952][  0]MapCheck: New page: Map Check
[2014.10.10-22.44.38:953][  0]LightingResults: New page: Lighting Build
[2014.10.10-22.44.38:962][  0]LogParticles: Destroying 0 GPU particle simulations for FXSystem 0x000000C236737B00
[2014.10.10-22.44.38:965][  0]LogEditorServer: Finished looking for orphan Actors (0.000 secs)
[2014.10.10-22.44.38:965][  0]LogAIModule: Creating AISystem for world TestLevel
[2014.10.10-22.44.38:966][  0]Cmd: MAP CHECKDEP
[2014.10.10-22.44.38:966][  0]MapCheck: New page: TestLevel - Oct 11, 2014, 6:44:38 AM
[2014.10.10-22.44.38:994][  0]MapCheck: Info ========== Map Check: 0 Error(s), 0 Warning(s), [27.924ms] ==========
[2014.10.10-22.44.38:994][  0]LogFileHelpers: Loading map 'TestLevel' took 0.048
[2014.10.10-22.44.39:104][  0]LogCollectionManager: Loaded 0 collections in 0.000949 seconds
[2014.10.10-22.44.39:117][  0]LogContentBrowser:Verbose: The content browser source was changed by the sources view to '/Game'
[2014.10.10-22.44.39:187][  0]LogCrashTracker: Crashtracker disabled due to settings.
[2014.10.10-22.44.39:238][  0]LogLoad: Full Startup: 5.87 seconds (BP compile: 0.00 seconds)
[2014.10.10-22.44.39:344][  0]LogRenderer:Warning: Reallocating scene render targets to support 1104x936.
[2014.10.10-22.44.39:557][  1]LogAssetRegistry: Asset discovery search completed in 1.3797 seconds
[2014.10.10-22.44.41:990][285]Cmd: SELECT NONE
[2014.10.10-22.44.43:286][410]Cmd: QUIT_EDITOR
[2014.10.10-22.44.43:370][410]LogWindowsTextInputMethodSystem:Error: Terminating failed while unadvising the language notification sink from the TSF source.
[2014.10.10-22.44.43:372][410]LogExit: Preparing to exit.
[2014.10.10-22.44.43:849][410]LogExit: Editor shut down
[2014.10.10-22.44.43:850][410]LogParticles: Destroying 0 GPU particle simulations for FXSystem 0x000000C22C1C4CC0
[2014.10.10-22.44.43:850][410]LogExit: Transaction tracking system shut down
[2014.10.10-22.44.43:863][410]LogExit: Object subsystem successfully closed.
[2014.10.10-22.44.43:884][410]LogModuleManager: Shutting down and abandoning module HTTP (161)
[2014.10.10-22.44.43:885][410]LogModuleManager: Shutting down and abandoning module CrashTracker (160)
[2014.10.10-22.44.43:885][410]LogModuleManager: Shutting down and abandoning module SuperSearch (159)
[2014.10.10-22.44.43:885][410]LogModuleManager: Shutting down and abandoning module SceneOutliner (158)
[2014.10.10-22.44.43:886][410]LogModuleManager: Shutting down and abandoning module EditorWidgets (157)
[2014.10.10-22.44.43:886][410]LogModuleManager: Shutting down and abandoning module CollectionManager (156)
[2014.10.10-22.44.43:886][410]LogModuleManager: Shutting down and abandoning module StatsViewer (155)
[2014.10.10-22.44.43:886][410]LogModuleManager: Shutting down and abandoning module FoliageEdit (154)
[2014.10.10-22.44.43:886][410]LogModuleManager: Shutting down and abandoning module LandscapeEditor (153)
[2014.10.10-22.44.43:887][410]LogModuleManager: Shutting down and abandoning module MeshPaint (152)
[2014.10.10-22.44.43:887][410]LogModuleManager: Shutting down and abandoning module ActorPickerMode (151)
[2014.10.10-22.44.43:887][410]LogModuleManager: Shutting down and abandoning module GeometryMode (150)
[2014.10.10-22.44.43:887][410]LogModuleManager: Shutting down and abandoning module TextureAlignMode (149)
[2014.10.10-22.44.43:887][410]LogModuleManager: Shutting down and abandoning module BspMode (148)
[2014.10.10-22.44.43:887][410]LogModuleManager: Shutting down and abandoning module PlacementMode (147)
[2014.10.10-22.44.43:888][410]LogModuleManager: Shutting down and abandoning module DesktopPlatform (146)
[2014.10.10-22.44.43:888][410]LogModuleManager: Shutting down and abandoning module AutomationWorker (145)
[2014.10.10-22.44.43:888][410]LogModuleManager: Shutting down and abandoning module EditorLiveStreaming (144)
[2014.10.10-22.44.43:888][410]LogModuleManager: Shutting down and abandoning module BehaviorTreeEditor (143)
[2014.10.10-22.44.43:888][410]LogModuleManager: Shutting down and abandoning module DeviceProfileEditor (142)
[2014.10.10-22.44.43:888][410]LogModuleManager: Shutting down and abandoning module UndoHistory (141)
[2014.10.10-22.44.43:889][410]LogModuleManager: Shutting down and abandoning module GameplayTagsEditor (140)
[2014.10.10-22.44.43:889][410]LogModuleManager: Shutting down and abandoning module UserFeedback (139)
[2014.10.10-22.44.43:889][410]LogModuleManager: Shutting down and abandoning module XmlParser (138)
[2014.10.10-22.44.43:889][410]LogModuleManager: Shutting down and abandoning module Blutility (137)
[2014.10.10-22.44.43:889][410]LogModuleManager: Shutting down and abandoning module IOSPlatformEditor (136)
[2014.10.10-22.44.43:889][410]LogModuleManager: Shutting down and abandoning module IOSRuntimeSettings (135)
[2014.10.10-22.44.43:890][410]LogModuleManager: Shutting down and abandoning module AndroidPlatformEditor (134)
[2014.10.10-22.44.43:890][410]LogModuleManager: Shutting down and abandoning module AndroidRuntimeSettings (133)
[2014.10.10-22.44.43:890][410]LogModuleManager: Shutting down and abandoning module ProjectTargetPlatformEditor (132)
[2014.10.10-22.44.43:890][410]LogModuleManager: Shutting down and abandoning module ProjectSettingsViewer (131)
[2014.10.10-22.44.43:890][410]LogModuleManager: Shutting down and abandoning module InputBindingEditor (130)
[2014.10.10-22.44.43:890][410]LogModuleManager: Shutting down and abandoning module EditorSettingsViewer (129)
[2014.10.10-22.44.43:891][410]LogModuleManager: Shutting down and abandoning module SettingsEditor (128)
[2014.10.10-22.44.43:891][410]LogModuleManager: Shutting down and abandoning module SessionLauncher (127)
[2014.10.10-22.44.43:891][410]LogModuleManager: Shutting down and abandoning module SessionFrontend (126)
[2014.10.10-22.44.43:891][410]LogModuleManager: Shutting down and abandoning module ProfilerClient (125)
[2014.10.10-22.44.43:891][410]LogModuleManager: Shutting down and abandoning module TargetDeviceServices (124)
[2014.10.10-22.44.43:891][410]LogModuleManager: Shutting down and abandoning module DeviceManager (123)
[2014.10.10-22.44.43:892][410]LogModuleManager: Shutting down and abandoning module AutomationController (122)
[2014.10.10-22.44.43:892][410]LogModuleManager: Shutting down and abandoning module AutomationWindow (121)
[2014.10.10-22.44.43:892][410]LogModuleManager: Shutting down and abandoning module Layers (120)
[2014.10.10-22.44.43:892][410]LogModuleManager: Shutting down and abandoning module ComponentVisualizers (119)
[2014.10.10-22.44.43:892][410]LogModuleManager: Shutting down and abandoning module DetailCustomizations (118)
[2014.10.10-22.44.43:893][410]LogModuleManager: Shutting down and abandoning module PackagesDialog (117)
[2014.10.10-22.44.43:893][410]LogModuleManager: Shutting down and abandoning module DirectoryWatcher (116)
[2014.10.10-22.44.43:893][410]LogModuleManager: Shutting down and abandoning module AssetRegistry (115)
[2014.10.10-22.44.43:998][410]LogModuleManager: Shutting down and abandoning module Persona (114)
[2014.10.10-22.44.43:999][410]LogModuleManager: Shutting down and abandoning module GraphEditor (113)
[2014.10.10-22.44.43:999][410]LogModuleManager: Shutting down and abandoning module ClassViewer (112)
[2014.10.10-22.44.43:999][410]LogModuleManager: Shutting down and abandoning module Toolbox (111)
[2014.10.10-22.44.43:999][410]LogModuleManager: Shutting down and abandoning module ModuleUI (110)
[2014.10.10-22.44.44:000][410]LogModuleManager: Shutting down and abandoning module Sequencer (109)
[2014.10.10-22.44.44:000][410]LogModuleManager: Shutting down and abandoning module MovieSceneTools (108)
[2014.10.10-22.44.44:000][410]LogModuleManager: Shutting down and abandoning module OutputLog (107)
[2014.10.10-22.44.44:000][410]LogModuleManager: Shutting down and abandoning module GammaUI (106)
[2014.10.10-22.44.44:001][410]LogModuleManager: Shutting down and abandoning module Documentation (105)
[2014.10.10-22.44.44:001][410]LogModuleManager: Shutting down and abandoning module GameLiveStreaming (104)
[2014.10.10-22.44.44:001][410]LogModuleManager: Shutting down and abandoning module StreamingPauseRendering (103)
[2014.10.10-22.44.44:001][410]LogModuleManager: Shutting down and abandoning module AnalyticsET (102)
[2014.10.10-22.44.44:001][410]LogModuleManager: Shutting down and abandoning module Analytics (101)
[2014.10.10-22.44.44:001][410]LogModuleManager: Shutting down and abandoning module GameplayDebugger (100)
[2014.10.10-22.44.44:002][410]LogModuleManager: Shutting down and abandoning module AIModule (99)
[2014.10.10-22.44.44:002][410]LogModuleManager: Shutting down and abandoning module ProfilerService (98)
[2014.10.10-22.44.44:182][410]LogModuleManager: Shutting down and abandoning module TaskGraph (97)
[2014.10.10-22.44.44:183][410]LogModuleManager: Shutting down and abandoning module SlateRemote (96)
[2014.10.10-22.44.44:183][410]LogModuleManager: Shutting down and abandoning module ScriptEditorPlugin (95)
[2014.10.10-22.44.44:184][410]LogModuleManager: Shutting down and abandoning module CustomMeshComponent (94)
[2014.10.10-22.44.44:184][410]LogModuleManager: Shutting down and abandoning module CableComponent (93)
[2014.10.10-22.44.44:184][410]LogModuleManager: Shutting down and abandoning module MessagingDebugger (92)
[2014.10.10-22.44.44:184][410]LogModuleManager: Shutting down and abandoning module ViewportSnapping (91)
[2014.10.10-22.44.44:184][410]LogModuleManager: Shutting down and abandoning module SmartSnapping (90)
[2014.10.10-22.44.44:185][410]LogModuleManager: Shutting down and abandoning module PaperTiledImporter (89)
[2014.10.10-22.44.44:185][410]LogModuleManager: Shutting down and abandoning module PaperJsonImporter (88)
[2014.10.10-22.44.44:185][410]LogModuleManager: Shutting down and abandoning module GameProjectGeneration (87)
[2014.10.10-22.44.44:185][410]LogModuleManager: Shutting down and abandoning module Matinee (86)
[2014.10.10-22.44.44:185][410]LogModuleManager: Shutting down and abandoning module Kismet (85)
[2014.10.10-22.44.44:185][410]LogModuleManager: Shutting down and abandoning module SlateReflector (84)
[2014.10.10-22.44.44:186][410]LogModuleManager: Shutting down and abandoning module LevelEditor (83)
[2014.10.10-22.44.44:186][410]LogModuleManager: Shutting down and abandoning module IntroTutorials (82)
[2014.10.10-22.44.44:187][410]LogModuleManager: Shutting down and abandoning module ContentBrowser (81)
[2014.10.10-22.44.44:187][410]LogModuleManager: Shutting down and abandoning module PropertyEditor (80)
[2014.10.10-22.44.44:187][410]LogModuleManager: Shutting down and abandoning module AssetTools (79)
[2014.10.10-22.44.44:187][410]LogModuleManager: Shutting down and abandoning module Paper2DEditor (78)
[2014.10.10-22.44.44:187][410]LogModuleManager: Shutting down and abandoning module SpeedTreeImporter (77)
[2014.10.10-22.44.44:188][410]LogModuleManager: Shutting down and abandoning module PluginsEditor (76)
[2014.10.10-22.44.44:188][410]LogModuleManager: Shutting down and abandoning module MainFrame (75)
[2014.10.10-22.44.44:188][410]LogModuleManager: Shutting down and abandoning module EpicSurvey (74)
[2014.10.10-22.44.44:188][410]LogModuleManager: Shutting down and abandoning module VisualStudioSourceCodeAccess (73)
[2014.10.10-22.44.44:188][410]LogModuleManager: Shutting down and abandoning module UObjectPlugin (72)
[2014.10.10-22.44.44:188][410]LogModuleManager: Shutting down and abandoning module SubversionSourceControl (71)
[2014.10.10-22.44.44:189][410]LogModuleManager: Shutting down and abandoning module SourceControl (70)
[2014.10.10-22.44.44:189][410]LogModuleManager: Shutting down and abandoning module PerforceSourceControl (69)
[2014.10.10-22.44.44:189][410]LogModuleManager: Shutting down and abandoning module BlankPlugin (68)
[2014.10.10-22.44.44:189][410]LogModuleManager: Shutting down and abandoning module Tokyo (67)
[2014.10.10-22.44.44:189][410]LogModuleManager: Shutting down and abandoning module ScriptPlugin (66)
[2014.10.10-22.44.44:189][410]LogModuleManager: Shutting down and abandoning module UdpMessaging (65)
[2014.10.10-22.44.44:290][410]LogModuleManager: Shutting down and abandoning module Paper2D (64)
[2014.10.10-22.44.44:290][410]LogModuleManager: Shutting down and abandoning module WindowsMoviePlayer (63)
[2014.10.10-22.44.44:293][410]LogModuleManager: Shutting down and abandoning module ImageWrapper (62)
[2014.10.10-22.44.44:293][410]LogModuleManager: Shutting down and abandoning module OnlineBlueprintSupport (61)
[2014.10.10-22.44.44:294][410]LogModuleManager: Shutting down and abandoning module FunctionalTesting (60)
[2014.10.10-22.44.44:294][410]LogModuleManager: Shutting down and abandoning module CollisionAnalyzer (59)
[2014.10.10-22.44.44:295][410]LogModuleManager: Shutting down and abandoning module WorkspaceMenuStructure (58)
[2014.10.10-22.44.44:295][410]LogModuleManager: Shutting down and abandoning module MessageLog (57)
[2014.10.10-22.44.44:295][410]LogModuleManager: Shutting down and abandoning module UMGEditor (56)
[2014.10.10-22.44.44:295][410]LogModuleManager: Shutting down and abandoning module UMG (55)
[2014.10.10-22.44.44:295][410]LogModuleManager: Shutting down and abandoning module Slate (54)
[2014.10.10-22.44.44:296][410]LogModuleManager: Shutting down and abandoning module EditorStyle (53)
[2014.10.10-22.44.44:297][410]LogModuleManager: Shutting down and abandoning module SessionServices (52)
[2014.10.10-22.44.44:297][410]LogModuleManager: Shutting down and abandoning module SourceCodeAccess (51)
[2014.10.10-22.44.44:297][410]LogModuleManager: Shutting down and abandoning module HeadMountedDisplay (50)
[2014.10.10-22.44.44:297][410]LogModuleManager: Shutting down and abandoning module XAudio2 (49)
[2014.10.10-22.44.44:297][410]LogModuleManager: Shutting down and abandoning module Networking (47)
[2014.10.10-22.44.44:298][410]LogModuleManager: Shutting down and abandoning module Core (46)
[2014.10.10-22.44.44:298][410]LogModuleManager: Shutting down and abandoning module KismetCompiler (45)
[2014.10.10-22.44.44:298][410]LogModuleManager: Shutting down and abandoning module PhysXFormats (44)
[2014.10.10-22.44.44:298][410]LogModuleManager: Shutting down and abandoning module MeshUtilities (43)
[2014.10.10-22.44.44:298][410]LogModuleManager: Shutting down and abandoning module DerivedDataCache (42)
[2014.10.10-22.44.44:302][410]LogDerivedDataCache: Shutdown
[2014.10.10-22.44.44:303][410]LogModuleManager: Shutting down and abandoning module ShaderFormatOpenGL (41)
[2014.10.10-22.44.44:303][410]LogModuleManager: Shutting down and abandoning module ShaderFormatD3D (40)
[2014.10.10-22.44.44:303][410]LogModuleManager: Shutting down and abandoning module MetalShaderFormat (39)
[2014.10.10-22.44.44:303][410]LogModuleManager: Shutting down and abandoning module TextureFormatUncompressed (38)
[2014.10.10-22.44.44:303][410]LogModuleManager: Shutting down and abandoning module TextureFormatPVR (37)
[2014.10.10-22.44.44:304][410]LogModuleManager: Shutting down and abandoning module TextureFormatDXT (36)
[2014.10.10-22.44.44:304][410]LogModuleManager: Shutting down and abandoning module TextureFormatAndroid (35)
[2014.10.10-22.44.44:304][410]LogModuleManager: Shutting down and abandoning module AudioFormatOpus (34)
[2014.10.10-22.44.44:304][410]LogModuleManager: Shutting down and abandoning module AudioFormatOgg (33)
[2014.10.10-22.44.44:304][410]LogModuleManager: Shutting down and abandoning module AudioFormatADPCM (32)
[2014.10.10-22.44.44:304][410]LogModuleManager: Shutting down and abandoning module Messaging (31)
[2014.10.10-22.44.44:305][410]LogModuleManager: Shutting down and abandoning module IOSTargetPlatform (30)
[2014.10.10-22.44.44:305][410]LogModuleManager: Shutting down and abandoning module Android_PVRTCTargetPlatform (29)
[2014.10.10-22.44.44:305][410]LogModuleManager: Shutting down and abandoning module Android_ETC2TargetPlatform (28)
[2014.10.10-22.44.44:305][410]LogModuleManager: Shutting down and abandoning module Android_ETC1TargetPlatform (27)
[2014.10.10-22.44.44:305][410]LogModuleManager: Shutting down and abandoning module Android_DXTTargetPlatform (26)
[2014.10.10-22.44.44:305][410]LogModuleManager: Shutting down and abandoning module Android_ATCTargetPlatform (25)
[2014.10.10-22.44.44:306][410]LogModuleManager: Shutting down and abandoning module AndroidTargetPlatform (24)
[2014.10.10-22.44.44:306][410]LogModuleManager: Shutting down and abandoning module WindowsTargetPlatform (23)
[2014.10.10-22.44.44:306][410]LogModuleManager: Shutting down and abandoning module WindowsServerTargetPlatform (22)
[2014.10.10-22.44.44:306][410]LogModuleManager: Shutting down and abandoning module WindowsNoEditorTargetPlatform (21)
[2014.10.10-22.44.44:306][410]LogModuleManager: Shutting down and abandoning module WindowsClientTargetPlatform (20)
[2014.10.10-22.44.44:306][410]LogModuleManager: Shutting down and abandoning module TargetPlatform (19)
[2014.10.10-22.44.44:307][410]LogModuleManager: Shutting down and abandoning module InputCore (18)
[2014.10.10-22.44.44:307][410]LogModuleManager: Shutting down and abandoning module Settings (17)
[2014.10.10-22.44.44:307][410]LogModuleManager: Shutting down and abandoning module ExampleDeviceProfileSelector (14)
[2014.10.10-22.44.44:307][410]LogModuleManager: Shutting down and abandoning module OculusRift (13)
[2014.10.10-22.44.44:307][410]LogModuleManager: Shutting down and abandoning module TextureCompressor (12)
[2014.10.10-22.44.44:308][410]LogModuleManager: Shutting down and abandoning module ShaderCore (11)
[2014.10.10-22.44.44:308][410]LogModuleManager: Shutting down and abandoning module OpenGLDrv (10)
[2014.10.10-22.44.44:308][410]LogModuleManager: Shutting down and abandoning module D3D11RHI (9)
[2014.10.10-22.44.44:308][410]LogModuleManager: Shutting down and abandoning module SlateRHIRenderer (8)
[2014.10.10-22.44.44:308][410]LogModuleManager: Shutting down and abandoning module Renderer (7)
[2014.10.10-22.44.44:308][410]LogModuleManager: Shutting down and abandoning module Engine (6)
[2014.10.10-22.44.44:309][410]LogModuleManager: Shutting down and abandoning module CoreUObject (5)
[2014.10.10-22.44.44:309][410]LogModuleManager: Shutting down and abandoning module NetworkFile (4)
[2014.10.10-22.44.44:309][410]LogModuleManager: Shutting down and abandoning module StreamingFile (3)
[2014.10.10-22.44.44:309][410]LogModuleManager: Shutting down and abandoning module SandboxFile (2)
[2014.10.10-22.44.44:309][410]LogModuleManager: Shutting down and abandoning module PakFile (1)
[2014.10.10-22.44.44:310][410]LogExit: Exiting.
[2014.10.10-22.44.44:312][410]Log file closed, 10/11/14 02:44:44
