Log file open, 10/10/14 02:21:15
LogInit:Display: Running engine for game: Tokyo
LogInit: Version: 4.4.3-2296771+++depot+UE4-Releases+4.4
LogInit: API Version: 2255576
LogInit: Compiled (64-bit): Sep 13 2014 22:30:58
LogInit: Build Configuration: Development
LogInit: Branch Name: ++depot+UE4-Releases+4.4
LogInit: Command line: 
LogInit: Base directory: C:/Program Files/Unreal Engine/4.4/Engine/Binaries/Win64/
LogInit: Rocket: 1
[2014.10.09-22.21.15:907][  0]LogTaskGraph: Started task graph with 3 named threads and 4 total threads.
[2014.10.09-22.21.15:934][  0]LogOnline:Warning: No default platform service specified for OnlineSubsystem
[2014.10.09-22.21.15:942][  0]LogInit: Presizing for 0 objects not considered by GC, pre-allocating 0 bytes.
[2014.10.09-22.21.15:950][  0]LogInit: Object subsystem initialized
[2014.10.09-22.21.15:953][  0]LogInit: Selected Device Profile: [Windows]
[2014.10.09-22.21.15:953][  0]LogInit: Applying CVar settings loaded from the selected device profile: [Windows]
[2014.10.09-22.21.15:956][  0]LogInit: Computer: EVGENY
[2014.10.09-22.21.15:957][  0]LogInit: User: Evgeny
[2014.10.09-22.21.15:958][  0]LogInit: CPU Page size=4096, Cores=4
[2014.10.09-22.21.15:958][  0]LogInit: High frequency timer resolution =3.320318 MHz
[2014.10.09-22.21.15:958][  0]LogMemory: Memory total: Physical=31.9GB (32GB approx) Virtual=131072.0GB
[2014.10.09-22.21.15:959][  0]LogMemory: Platform Memory Stats for Windows
[2014.10.09-22.21.15:959][  0]LogMemory: Process Physical Memory: 59.83 MB used, 59.83 MB peak
[2014.10.09-22.21.15:959][  0]LogMemory: Process Virtual Memory: 38.13 MB used, 38.13 MB peak
[2014.10.09-22.21.15:960][  0]LogMemory: Physical Memory: 4615.07 MB used, 32673.82 MB total
[2014.10.09-22.21.15:960][  0]LogMemory: Virtual Memory: 271.21 MB used, 134217728.00 MB total
[2014.10.09-22.21.16:017][  0]LogD3D11RHI: Found D3D11 adapter 0: NVIDIA GeForce GTX 780 (Feature Level 11_0)
[2014.10.09-22.21.16:017][  0]LogD3D11RHI: Adapter has 2930MB of dedicated video memory, 0MB of dedicated system memory, and 16336MB of shared system memory, 1 output[s]
[2014.10.09-22.21.16:023][  0]LogD3D11RHI: Found D3D11 adapter 1: Microsoft Basic Render Driver (Feature Level 11_0)
[2014.10.09-22.21.16:023][  0]LogD3D11RHI: Adapter has 0MB of dedicated video memory, 0MB of dedicated system memory, and 256MB of shared system memory, 0 output[s]
[2014.10.09-22.21.16:024][  0]LogD3D11RHI: Chosen D3D11 Adapter Id = 0
[2014.10.09-22.21.16:028][  0]LogRHI: Texture pool is 1361 MB (70% of 1945 MB)
[2014.10.09-22.21.16:066][  0]LogD3D11RHI: Async texture creation enabled
[2014.10.09-22.21.16:121][  0]LogTextLocalizationManager:Warning: The selected culture 'ru_RU' is not available; falling back to 'en'
[2014.10.09-22.21.16:181][  0]LogContentStreaming: Texture pool size is 0.000000MB
[2014.10.09-22.21.17:285][  0]LogTargetPlatformManager:Display: Building Assets For Windows
[2014.10.09-22.21.17:598][  0]LogTargetPlatformManager:Display: Building Assets For Windows
[2014.10.09-22.21.17:625][  0]LogDerivedDataCache:Display: Max Cache Size: 512 MB
[2014.10.09-22.21.17:660][  0]LogDerivedDataCache: Loaded boot cache 0.03s 40MB C:/Users/Evgeny/AppData/Local/UnrealEngine/4.4/DerivedDataCache/Boot.ddc.
[2014.10.09-22.21.17:660][  0]LogDerivedDataCache:Display: Loaded Boot cache: C:/Users/Evgeny/AppData/Local/UnrealEngine/4.4/DerivedDataCache/Boot.ddc
[2014.10.09-22.21.17:660][  0]LogDerivedDataCache: FDerivedDataBackendGraph:  Pak pak cache file ../../../../../../Dgek/Tokyo/DerivedDataCache/DDC.ddp not found, will not use a pak cache.
[2014.10.09-22.21.17:661][  0]LogDerivedDataCache: Unable to find inner node Pak for hierarchical cache Hierarchy.
[2014.10.09-22.21.17:674][  0]LogDerivedDataCache:Display: Pak cache opened for reading ../../../Engine/DerivedDataCache/DDC.ddp.
[2014.10.09-22.21.17:686][  0]LogDerivedDataCache: Using Local data cache path C:/Users/Evgeny/AppData/Local/UnrealEngine/4.4/DerivedDataCache: Writable
[2014.10.09-22.21.17:801][  0]LogMeshUtilities: No automatic mesh reduction module available
[2014.10.09-22.21.17:801][  0]LogMeshUtilities: No automatic mesh merging module available
[2014.10.09-22.21.18:053][  0]LogInit: WinSock: version 1.1 (2.2), MaxSocks=32767, MaxUdp=65467
[2014.10.09-22.21.18:565][  0]LogStats:Warning: MetaData mismatch. Did you assign a stat to two groups? New //STATGROUP_Threads//FMonitoredProcess///Thread_1464_0///////STATCAT_Advanced//// old //STATGROUP_Threads//FMonitoredProcess///Thread_1c24_0///////STATCAT_Advanced////
[2014.10.09-22.21.18:565][  0]UdpMessaging: Initializing bridge on interface 0.0.0.0:0 to multicast group 230.0.0.1:6666.
[2014.10.09-22.21.18:674][  0]SourceControl: Info Source control is disabled
[2014.10.09-22.21.18:675][  0]SourceControl: Info Source control is disabled
[2014.10.09-22.21.18:681][  0]SourceControl: Info Source control is disabled
[2014.10.09-22.21.18:807][  0]BlueprintLog: New page: Editor Load
[2014.10.09-22.21.18:874][  0]LogObj: 21445 objects as part of root set at end of initial load.
[2014.10.09-22.21.18:874][  0]LogUObjectAllocator: 4222784 out of 0 bytes used by permanent object pool.
[2014.10.09-22.21.19:041][  0]LogEngine: Initializing Engine...
[2014.10.09-22.21.19:115][  0]LogInit: XAudio2 using '8=0<8:8 (2- #AB@>9AB2> A ?>445@6:>9 High Definition Audio)' : 2 channels at 44.1 kHz using 16 bits per sample (channel mask 0x3)
[2014.10.09-22.21.19:129][  0]LogInit: FAudioDevice initialized.
[2014.10.09-22.21.19:140][  0]LogAIModule: Creating AISystem for world NewWorld
[2014.10.09-22.21.19:162][  0]LogDerivedDataCache: Saved boot cache 0.02s 39MB C:/Users/Evgeny/AppData/Local/UnrealEngine/4.4/DerivedDataCache/Boot.ddc.
[2014.10.09-22.21.19:166][  0]LogInit: Texture streaming: Enabled
[2014.10.09-22.21.19:191][  0]LogInit: Transaction tracking system initialized
[2014.10.09-22.21.19:286][  0]LogAssetRegistry: FAssetRegistry took 0.0117 seconds to start up
[2014.10.09-22.21.19:622][  0]LogTargetPlatformManager:Display: Building Assets For Windows
[2014.10.09-22.21.19:852][  0]LogTargetPlatformManager:Display: Building Assets For Windows
[2014.10.09-22.21.19:941][  0]LogConsoleResponse:Display: 
[2014.10.09-22.21.20:042][  0]LogStats:Warning: MetaData mismatch. Did you assign a stat to two groups? New //STATGROUP_Threads//FMonitoredProcess///Thread_17d0_0///////STATCAT_Advanced//// old //STATGROUP_Threads//FMonitoredProcess///Thread_1c24_0///////STATCAT_Advanced////
[2014.10.09-22.21.20:043][  0]LogStats:Warning: MetaData mismatch. Did you assign a stat to two groups? New //STATGROUP_Threads//FMonitoredProcess///Thread_12a0_0///////STATCAT_Advanced//// old //STATGROUP_Threads//FMonitoredProcess///Thread_1c24_0///////STATCAT_Advanced////
[2014.10.09-22.21.20:043][  0]SourceControl: Info Source control is disabled
[2014.10.09-22.21.20:043][  0]Cmd: MAP LOAD FILE="../../../Engine/Content/Maps/Templates/Template_Default.umap" TEMPLATE=1 SHOWPROGRESS=1
[2014.10.09-22.21.20:044][  0]LightingResults: New page: Lighting Build
[2014.10.09-22.21.20:049][  0]MapCheck: New page: Map Check
[2014.10.09-22.21.20:049][  0]LightingResults: New page: Lighting Build
[2014.10.09-22.21.20:059][  0]LogParticles: Destroying 0 GPU particle simulations for FXSystem 0x000000D6E1EEC220
[2014.10.09-22.21.20:160][  0]LogEditorServer: Finished looking for orphan Actors (0.000 secs)
[2014.10.09-22.21.20:160][  0]LogAIModule: Creating AISystem for world Template_Default
[2014.10.09-22.21.20:161][  0]Cmd: MAP CHECKDEP
[2014.10.09-22.21.20:161][  0]MapCheck: New page: Untitled_1 - Oct 10, 2014, 6:21:20 AM
[2014.10.09-22.21.20:201][  0]MapCheck: Info ========== Map Check: 0 Error(s), 0 Warning(s), [39.51ms] ==========
[2014.10.09-22.21.20:201][  0]LogFileHelpers: Loading map 'Template_Default' took 0.158
[2014.10.09-22.21.20:286][  0]LogCollectionManager: Loaded 0 collections in 0.000993 seconds
[2014.10.09-22.21.20:295][  0]LogContentBrowser:Verbose: The content browser source was changed by the sources view to '/Game'
[2014.10.09-22.21.20:376][  0]LogCrashTracker: Crashtracker disabled due to settings.
[2014.10.09-22.21.20:437][  0]LogLoad: Full Startup: 6.06 seconds (BP compile: 0.04 seconds)
[2014.10.09-22.21.20:611][  0]LogRenderer:Warning: Reallocating scene render targets to support 1104x936.
[2014.10.09-22.21.20:862][  1]LogAssetRegistry: Asset discovery search completed in 1.5876 seconds
[2014.10.09-22.21.31:610][241]Cmd: QUIT_EDITOR
[2014.10.09-22.21.31:691][241]LogWindowsTextInputMethodSystem:Error: Terminating failed while unadvising the language notification sink from the TSF source.
[2014.10.09-22.21.31:693][241]LogExit: Preparing to exit.
[2014.10.09-22.21.32:777][241]LogExit: Editor shut down
[2014.10.09-22.21.32:778][241]LogExit: Transaction tracking system shut down
[2014.10.09-22.21.32:779][241]LogParticles: Destroying 0 GPU particle simulations for FXSystem 0x000000D6DF8C6480
[2014.10.09-22.21.32:792][241]LogExit: Object subsystem successfully closed.
[2014.10.09-22.21.32:816][241]LogModuleManager: Shutting down and abandoning module AndroidDeviceDetection (162)
[2014.10.09-22.21.32:817][241]LogModuleManager: Shutting down and abandoning module HTTP (161)
[2014.10.09-22.21.32:817][241]LogModuleManager: Shutting down and abandoning module CrashTracker (160)
[2014.10.09-22.21.32:817][241]LogModuleManager: Shutting down and abandoning module SuperSearch (159)
[2014.10.09-22.21.32:819][241]LogModuleManager: Shutting down and abandoning module SceneOutliner (158)
[2014.10.09-22.21.32:819][241]LogModuleManager: Shutting down and abandoning module EditorWidgets (157)
[2014.10.09-22.21.32:820][241]LogModuleManager: Shutting down and abandoning module CollectionManager (156)
[2014.10.09-22.21.32:820][241]LogModuleManager: Shutting down and abandoning module StatsViewer (155)
[2014.10.09-22.21.32:820][241]LogModuleManager: Shutting down and abandoning module FoliageEdit (154)
[2014.10.09-22.21.32:821][241]LogModuleManager: Shutting down and abandoning module LandscapeEditor (153)
[2014.10.09-22.21.32:821][241]LogModuleManager: Shutting down and abandoning module MeshPaint (152)
[2014.10.09-22.21.32:821][241]LogModuleManager: Shutting down and abandoning module ActorPickerMode (151)
[2014.10.09-22.21.32:821][241]LogModuleManager: Shutting down and abandoning module GeometryMode (150)
[2014.10.09-22.21.32:821][241]LogModuleManager: Shutting down and abandoning module TextureAlignMode (149)
[2014.10.09-22.21.32:821][241]LogModuleManager: Shutting down and abandoning module BspMode (148)
[2014.10.09-22.21.32:822][241]LogModuleManager: Shutting down and abandoning module PlacementMode (147)
[2014.10.09-22.21.32:822][241]LogModuleManager: Shutting down and abandoning module DesktopPlatform (146)
[2014.10.09-22.21.32:822][241]LogModuleManager: Shutting down and abandoning module AutomationWorker (145)
[2014.10.09-22.21.32:822][241]LogModuleManager: Shutting down and abandoning module EditorLiveStreaming (144)
[2014.10.09-22.21.32:822][241]LogModuleManager: Shutting down and abandoning module BehaviorTreeEditor (143)
[2014.10.09-22.21.32:822][241]LogModuleManager: Shutting down and abandoning module DeviceProfileEditor (142)
[2014.10.09-22.21.32:823][241]LogModuleManager: Shutting down and abandoning module UndoHistory (141)
[2014.10.09-22.21.32:823][241]LogModuleManager: Shutting down and abandoning module GameplayTagsEditor (140)
[2014.10.09-22.21.32:823][241]LogModuleManager: Shutting down and abandoning module UserFeedback (139)
[2014.10.09-22.21.32:823][241]LogModuleManager: Shutting down and abandoning module XmlParser (138)
[2014.10.09-22.21.32:823][241]LogModuleManager: Shutting down and abandoning module Blutility (137)
[2014.10.09-22.21.32:823][241]LogModuleManager: Shutting down and abandoning module IOSPlatformEditor (136)
[2014.10.09-22.21.32:824][241]LogModuleManager: Shutting down and abandoning module IOSRuntimeSettings (135)
[2014.10.09-22.21.32:824][241]LogModuleManager: Shutting down and abandoning module AndroidPlatformEditor (134)
[2014.10.09-22.21.32:824][241]LogModuleManager: Shutting down and abandoning module AndroidRuntimeSettings (133)
[2014.10.09-22.21.32:824][241]LogModuleManager: Shutting down and abandoning module ProjectTargetPlatformEditor (132)
[2014.10.09-22.21.32:824][241]LogModuleManager: Shutting down and abandoning module ProjectSettingsViewer (131)
[2014.10.09-22.21.32:824][241]LogModuleManager: Shutting down and abandoning module InputBindingEditor (130)
[2014.10.09-22.21.32:825][241]LogModuleManager: Shutting down and abandoning module EditorSettingsViewer (129)
[2014.10.09-22.21.32:825][241]LogModuleManager: Shutting down and abandoning module SettingsEditor (128)
[2014.10.09-22.21.32:825][241]LogModuleManager: Shutting down and abandoning module SessionLauncher (127)
[2014.10.09-22.21.32:825][241]LogModuleManager: Shutting down and abandoning module SessionFrontend (126)
[2014.10.09-22.21.32:825][241]LogModuleManager: Shutting down and abandoning module ProfilerClient (125)
[2014.10.09-22.21.32:825][241]LogModuleManager: Shutting down and abandoning module TargetDeviceServices (124)
[2014.10.09-22.21.32:826][241]LogModuleManager: Shutting down and abandoning module DeviceManager (123)
[2014.10.09-22.21.32:826][241]LogModuleManager: Shutting down and abandoning module AutomationController (122)
[2014.10.09-22.21.32:826][241]LogModuleManager: Shutting down and abandoning module AutomationWindow (121)
[2014.10.09-22.21.32:826][241]LogModuleManager: Shutting down and abandoning module Layers (120)
[2014.10.09-22.21.32:826][241]LogModuleManager: Shutting down and abandoning module ComponentVisualizers (119)
[2014.10.09-22.21.32:826][241]LogModuleManager: Shutting down and abandoning module DetailCustomizations (118)
[2014.10.09-22.21.32:827][241]LogModuleManager: Shutting down and abandoning module PackagesDialog (117)
[2014.10.09-22.21.32:827][241]LogModuleManager: Shutting down and abandoning module DirectoryWatcher (116)
[2014.10.09-22.21.32:827][241]LogModuleManager: Shutting down and abandoning module AssetRegistry (115)
[2014.10.09-22.21.32:911][241]LogModuleManager: Shutting down and abandoning module Persona (114)
[2014.10.09-22.21.32:912][241]LogModuleManager: Shutting down and abandoning module GraphEditor (113)
[2014.10.09-22.21.32:912][241]LogModuleManager: Shutting down and abandoning module ClassViewer (112)
[2014.10.09-22.21.32:913][241]LogModuleManager: Shutting down and abandoning module Toolbox (111)
[2014.10.09-22.21.32:913][241]LogModuleManager: Shutting down and abandoning module ModuleUI (110)
[2014.10.09-22.21.32:913][241]LogModuleManager: Shutting down and abandoning module Sequencer (109)
[2014.10.09-22.21.32:913][241]LogModuleManager: Shutting down and abandoning module MovieSceneTools (108)
[2014.10.09-22.21.32:913][241]LogModuleManager: Shutting down and abandoning module OutputLog (107)
[2014.10.09-22.21.32:914][241]LogModuleManager: Shutting down and abandoning module GammaUI (106)
[2014.10.09-22.21.32:914][241]LogModuleManager: Shutting down and abandoning module Documentation (105)
[2014.10.09-22.21.32:914][241]LogModuleManager: Shutting down and abandoning module GameLiveStreaming (104)
[2014.10.09-22.21.32:914][241]LogModuleManager: Shutting down and abandoning module StreamingPauseRendering (103)
[2014.10.09-22.21.32:914][241]LogModuleManager: Shutting down and abandoning module AnalyticsET (102)
[2014.10.09-22.21.32:914][241]LogModuleManager: Shutting down and abandoning module Analytics (101)
[2014.10.09-22.21.32:915][241]LogModuleManager: Shutting down and abandoning module GameplayDebugger (100)
[2014.10.09-22.21.32:915][241]LogModuleManager: Shutting down and abandoning module AIModule (99)
[2014.10.09-22.21.32:915][241]LogModuleManager: Shutting down and abandoning module ProfilerService (98)
[2014.10.09-22.21.33:009][241]LogModuleManager: Shutting down and abandoning module TaskGraph (97)
[2014.10.09-22.21.33:010][241]LogModuleManager: Shutting down and abandoning module SlateRemote (96)
[2014.10.09-22.21.33:010][241]LogModuleManager: Shutting down and abandoning module ScriptEditorPlugin (95)
[2014.10.09-22.21.33:011][241]LogModuleManager: Shutting down and abandoning module CustomMeshComponent (94)
[2014.10.09-22.21.33:011][241]LogModuleManager: Shutting down and abandoning module CableComponent (93)
[2014.10.09-22.21.33:011][241]LogModuleManager: Shutting down and abandoning module MessagingDebugger (92)
[2014.10.09-22.21.33:011][241]LogModuleManager: Shutting down and abandoning module ViewportSnapping (91)
[2014.10.09-22.21.33:012][241]LogModuleManager: Shutting down and abandoning module SmartSnapping (90)
[2014.10.09-22.21.33:012][241]LogModuleManager: Shutting down and abandoning module PaperTiledImporter (89)
[2014.10.09-22.21.33:012][241]LogModuleManager: Shutting down and abandoning module PaperJsonImporter (88)
[2014.10.09-22.21.33:012][241]LogModuleManager: Shutting down and abandoning module GameProjectGeneration (87)
[2014.10.09-22.21.33:012][241]LogModuleManager: Shutting down and abandoning module Matinee (86)
[2014.10.09-22.21.33:013][241]LogModuleManager: Shutting down and abandoning module Kismet (85)
[2014.10.09-22.21.33:013][241]LogModuleManager: Shutting down and abandoning module SlateReflector (84)
[2014.10.09-22.21.33:013][241]LogModuleManager: Shutting down and abandoning module LevelEditor (83)
[2014.10.09-22.21.33:014][241]LogModuleManager: Shutting down and abandoning module IntroTutorials (82)
[2014.10.09-22.21.33:014][241]LogModuleManager: Shutting down and abandoning module ContentBrowser (81)
[2014.10.09-22.21.33:014][241]LogModuleManager: Shutting down and abandoning module PropertyEditor (80)
[2014.10.09-22.21.33:014][241]LogModuleManager: Shutting down and abandoning module AssetTools (79)
[2014.10.09-22.21.33:015][241]LogModuleManager: Shutting down and abandoning module Paper2DEditor (78)
[2014.10.09-22.21.33:015][241]LogModuleManager: Shutting down and abandoning module SpeedTreeImporter (77)
[2014.10.09-22.21.33:015][241]LogModuleManager: Shutting down and abandoning module PluginsEditor (76)
[2014.10.09-22.21.33:015][241]LogModuleManager: Shutting down and abandoning module MainFrame (75)
[2014.10.09-22.21.33:015][241]LogModuleManager: Shutting down and abandoning module EpicSurvey (74)
[2014.10.09-22.21.33:015][241]LogModuleManager: Shutting down and abandoning module VisualStudioSourceCodeAccess (73)
[2014.10.09-22.21.33:016][241]LogModuleManager: Shutting down and abandoning module UObjectPlugin (72)
[2014.10.09-22.21.33:016][241]LogModuleManager: Shutting down and abandoning module SubversionSourceControl (71)
[2014.10.09-22.21.33:016][241]LogModuleManager: Shutting down and abandoning module SourceControl (70)
[2014.10.09-22.21.33:016][241]LogModuleManager: Shutting down and abandoning module PerforceSourceControl (69)
[2014.10.09-22.21.33:016][241]LogModuleManager: Shutting down and abandoning module BlankPlugin (68)
[2014.10.09-22.21.33:016][241]LogModuleManager: Shutting down and abandoning module Tokyo (67)
[2014.10.09-22.21.33:017][241]LogModuleManager: Shutting down and abandoning module ScriptPlugin (66)
[2014.10.09-22.21.33:017][241]LogModuleManager: Shutting down and abandoning module UdpMessaging (65)
[2014.10.09-22.21.33:118][241]LogModuleManager: Shutting down and abandoning module Paper2D (64)
[2014.10.09-22.21.33:118][241]LogModuleManager: Shutting down and abandoning module WindowsMoviePlayer (63)
[2014.10.09-22.21.33:121][241]LogModuleManager: Shutting down and abandoning module ImageWrapper (62)
[2014.10.09-22.21.33:121][241]LogModuleManager: Shutting down and abandoning module OnlineBlueprintSupport (61)
[2014.10.09-22.21.33:122][241]LogModuleManager: Shutting down and abandoning module FunctionalTesting (60)
[2014.10.09-22.21.33:122][241]LogModuleManager: Shutting down and abandoning module CollisionAnalyzer (59)
[2014.10.09-22.21.33:123][241]LogModuleManager: Shutting down and abandoning module WorkspaceMenuStructure (58)
[2014.10.09-22.21.33:123][241]LogModuleManager: Shutting down and abandoning module MessageLog (57)
[2014.10.09-22.21.33:123][241]LogModuleManager: Shutting down and abandoning module UMGEditor (56)
[2014.10.09-22.21.33:124][241]LogModuleManager: Shutting down and abandoning module UMG (55)
[2014.10.09-22.21.33:124][241]LogModuleManager: Shutting down and abandoning module Slate (54)
[2014.10.09-22.21.33:124][241]LogModuleManager: Shutting down and abandoning module EditorStyle (53)
[2014.10.09-22.21.33:125][241]LogModuleManager: Shutting down and abandoning module SessionServices (52)
[2014.10.09-22.21.33:125][241]LogModuleManager: Shutting down and abandoning module SourceCodeAccess (51)
[2014.10.09-22.21.33:126][241]LogModuleManager: Shutting down and abandoning module HeadMountedDisplay (50)
[2014.10.09-22.21.33:126][241]LogModuleManager: Shutting down and abandoning module XAudio2 (49)
[2014.10.09-22.21.33:126][241]LogModuleManager: Shutting down and abandoning module Networking (47)
[2014.10.09-22.21.33:126][241]LogModuleManager: Shutting down and abandoning module Core (46)
[2014.10.09-22.21.33:126][241]LogModuleManager: Shutting down and abandoning module KismetCompiler (45)
[2014.10.09-22.21.33:126][241]LogModuleManager: Shutting down and abandoning module PhysXFormats (44)
[2014.10.09-22.21.33:127][241]LogModuleManager: Shutting down and abandoning module MeshUtilities (43)
[2014.10.09-22.21.33:127][241]LogModuleManager: Shutting down and abandoning module DerivedDataCache (42)
[2014.10.09-22.21.33:374][241]LogDerivedDataCache: Shutdown
[2014.10.09-22.21.33:375][241]LogModuleManager: Shutting down and abandoning module ShaderFormatOpenGL (41)
[2014.10.09-22.21.33:375][241]LogModuleManager: Shutting down and abandoning module ShaderFormatD3D (40)
[2014.10.09-22.21.33:375][241]LogModuleManager: Shutting down and abandoning module MetalShaderFormat (39)
[2014.10.09-22.21.33:376][241]LogModuleManager: Shutting down and abandoning module TextureFormatUncompressed (38)
[2014.10.09-22.21.33:376][241]LogModuleManager: Shutting down and abandoning module TextureFormatPVR (37)
[2014.10.09-22.21.33:376][241]LogModuleManager: Shutting down and abandoning module TextureFormatDXT (36)
[2014.10.09-22.21.33:376][241]LogModuleManager: Shutting down and abandoning module TextureFormatAndroid (35)
[2014.10.09-22.21.33:377][241]LogModuleManager: Shutting down and abandoning module AudioFormatOpus (34)
[2014.10.09-22.21.33:377][241]LogModuleManager: Shutting down and abandoning module AudioFormatOgg (33)
[2014.10.09-22.21.33:377][241]LogModuleManager: Shutting down and abandoning module AudioFormatADPCM (32)
[2014.10.09-22.21.33:377][241]LogModuleManager: Shutting down and abandoning module Messaging (31)
[2014.10.09-22.21.33:377][241]LogModuleManager: Shutting down and abandoning module IOSTargetPlatform (30)
[2014.10.09-22.21.33:377][241]LogModuleManager: Shutting down and abandoning module Android_PVRTCTargetPlatform (29)
[2014.10.09-22.21.33:378][241]LogModuleManager: Shutting down and abandoning module Android_ETC2TargetPlatform (28)
[2014.10.09-22.21.33:378][241]LogModuleManager: Shutting down and abandoning module Android_ETC1TargetPlatform (27)
[2014.10.09-22.21.33:378][241]LogModuleManager: Shutting down and abandoning module Android_DXTTargetPlatform (26)
[2014.10.09-22.21.33:378][241]LogModuleManager: Shutting down and abandoning module Android_ATCTargetPlatform (25)
[2014.10.09-22.21.33:378][241]LogModuleManager: Shutting down and abandoning module AndroidTargetPlatform (24)
[2014.10.09-22.21.33:379][241]LogModuleManager: Shutting down and abandoning module WindowsTargetPlatform (23)
[2014.10.09-22.21.33:379][241]LogModuleManager: Shutting down and abandoning module WindowsServerTargetPlatform (22)
[2014.10.09-22.21.33:379][241]LogModuleManager: Shutting down and abandoning module WindowsNoEditorTargetPlatform (21)
[2014.10.09-22.21.33:379][241]LogModuleManager: Shutting down and abandoning module WindowsClientTargetPlatform (20)
[2014.10.09-22.21.33:379][241]LogModuleManager: Shutting down and abandoning module TargetPlatform (19)
[2014.10.09-22.21.33:379][241]LogModuleManager: Shutting down and abandoning module InputCore (18)
[2014.10.09-22.21.33:380][241]LogModuleManager: Shutting down and abandoning module Settings (17)
[2014.10.09-22.21.33:380][241]LogModuleManager: Shutting down and abandoning module ExampleDeviceProfileSelector (14)
[2014.10.09-22.21.33:380][241]LogModuleManager: Shutting down and abandoning module OculusRift (13)
[2014.10.09-22.21.33:380][241]LogModuleManager: Shutting down and abandoning module TextureCompressor (12)
[2014.10.09-22.21.33:381][241]LogModuleManager: Shutting down and abandoning module ShaderCore (11)
[2014.10.09-22.21.33:381][241]LogModuleManager: Shutting down and abandoning module OpenGLDrv (10)
[2014.10.09-22.21.33:381][241]LogModuleManager: Shutting down and abandoning module D3D11RHI (9)
[2014.10.09-22.21.33:381][241]LogModuleManager: Shutting down and abandoning module SlateRHIRenderer (8)
[2014.10.09-22.21.33:382][241]LogModuleManager: Shutting down and abandoning module Renderer (7)
[2014.10.09-22.21.33:382][241]LogModuleManager: Shutting down and abandoning module Engine (6)
[2014.10.09-22.21.33:382][241]LogModuleManager: Shutting down and abandoning module CoreUObject (5)
[2014.10.09-22.21.33:382][241]LogModuleManager: Shutting down and abandoning module NetworkFile (4)
[2014.10.09-22.21.33:382][241]LogModuleManager: Shutting down and abandoning module StreamingFile (3)
[2014.10.09-22.21.33:383][241]LogModuleManager: Shutting down and abandoning module SandboxFile (2)
[2014.10.09-22.21.33:383][241]LogModuleManager: Shutting down and abandoning module PakFile (1)
[2014.10.09-22.21.33:384][241]LogExit: Exiting.
[2014.10.09-22.21.33:389][241]Log file closed, 10/10/14 02:21:33
