Log file open, 10/10/14 02:23:20
LogInit:Display: Running engine for game: Tokyo
LogInit: Version: 4.4.3-2296771+++depot+UE4-Releases+4.4
LogInit: API Version: 2255576
LogInit: Compiled (64-bit): Sep 13 2014 22:30:58
LogInit: Build Configuration: Development
LogInit: Branch Name: ++depot+UE4-Releases+4.4
LogInit: Command line: 
LogInit: Base directory: C:/Program Files/Unreal Engine/4.4/Engine/Binaries/Win64/
LogInit: Rocket: 1
[2014.10.09-22.23.20:885][  0]LogTaskGraph: Started task graph with 3 named threads and 4 total threads.
[2014.10.09-22.23.20:930][  0]LogOnline:Warning: No default platform service specified for OnlineSubsystem
[2014.10.09-22.23.20:956][  0]LogInit: Presizing for 0 objects not considered by GC, pre-allocating 0 bytes.
[2014.10.09-22.23.20:968][  0]LogInit: Object subsystem initialized
[2014.10.09-22.23.20:972][  0]LogInit: Selected Device Profile: [Windows]
[2014.10.09-22.23.20:973][  0]LogInit: Applying CVar settings loaded from the selected device profile: [Windows]
[2014.10.09-22.23.20:979][  0]LogInit: Computer: EVGENY
[2014.10.09-22.23.20:979][  0]LogInit: User: Evgeny
[2014.10.09-22.23.20:982][  0]LogInit: CPU Page size=4096, Cores=4
[2014.10.09-22.23.20:982][  0]LogInit: High frequency timer resolution =3.320318 MHz
[2014.10.09-22.23.20:983][  0]LogMemory: Memory total: Physical=31.9GB (32GB approx) Virtual=131072.0GB
[2014.10.09-22.23.20:984][  0]LogMemory: Platform Memory Stats for Windows
[2014.10.09-22.23.20:984][  0]LogMemory: Process Physical Memory: 59.84 MB used, 59.84 MB peak
[2014.10.09-22.23.20:984][  0]LogMemory: Process Virtual Memory: 38.12 MB used, 38.12 MB peak
[2014.10.09-22.23.20:985][  0]LogMemory: Physical Memory: 4726.86 MB used, 32673.82 MB total
[2014.10.09-22.23.20:985][  0]LogMemory: Virtual Memory: 271.21 MB used, 134217728.00 MB total
[2014.10.09-22.23.21:048][  0]LogD3D11RHI: Found D3D11 adapter 0: NVIDIA GeForce GTX 780 (Feature Level 11_0)
[2014.10.09-22.23.21:048][  0]LogD3D11RHI: Adapter has 2930MB of dedicated video memory, 0MB of dedicated system memory, and 16336MB of shared system memory, 1 output[s]
[2014.10.09-22.23.21:057][  0]LogD3D11RHI: Found D3D11 adapter 1: Microsoft Basic Render Driver (Feature Level 11_0)
[2014.10.09-22.23.21:057][  0]LogD3D11RHI: Adapter has 0MB of dedicated video memory, 0MB of dedicated system memory, and 256MB of shared system memory, 0 output[s]
[2014.10.09-22.23.21:058][  0]LogD3D11RHI: Chosen D3D11 Adapter Id = 0
[2014.10.09-22.23.21:063][  0]LogRHI: Texture pool is 1361 MB (70% of 1945 MB)
[2014.10.09-22.23.21:104][  0]LogD3D11RHI: Async texture creation enabled
[2014.10.09-22.23.21:158][  0]LogTextLocalizationManager:Warning: The selected culture 'ru_RU' is not available; falling back to 'en'
[2014.10.09-22.23.21:228][  0]LogContentStreaming: Texture pool size is 0.000000MB
[2014.10.09-22.23.22:243][  0]LogTargetPlatformManager:Display: Building Assets For Windows
[2014.10.09-22.23.22:533][  0]LogTargetPlatformManager:Display: Building Assets For Windows
[2014.10.09-22.23.22:560][  0]LogDerivedDataCache:Display: Max Cache Size: 512 MB
[2014.10.09-22.23.22:593][  0]LogDerivedDataCache: Loaded boot cache 0.03s 39MB C:/Users/Evgeny/AppData/Local/UnrealEngine/4.4/DerivedDataCache/Boot.ddc.
[2014.10.09-22.23.22:593][  0]LogDerivedDataCache:Display: Loaded Boot cache: C:/Users/Evgeny/AppData/Local/UnrealEngine/4.4/DerivedDataCache/Boot.ddc
[2014.10.09-22.23.22:594][  0]LogDerivedDataCache: FDerivedDataBackendGraph:  Pak pak cache file ../../../../../../Dgek/Tokyo/DerivedDataCache/DDC.ddp not found, will not use a pak cache.
[2014.10.09-22.23.22:594][  0]LogDerivedDataCache: Unable to find inner node Pak for hierarchical cache Hierarchy.
[2014.10.09-22.23.22:607][  0]LogDerivedDataCache:Display: Pak cache opened for reading ../../../Engine/DerivedDataCache/DDC.ddp.
[2014.10.09-22.23.22:619][  0]LogDerivedDataCache: Using Local data cache path C:/Users/Evgeny/AppData/Local/UnrealEngine/4.4/DerivedDataCache: Writable
[2014.10.09-22.23.22:720][  0]LogMeshUtilities: No automatic mesh reduction module available
[2014.10.09-22.23.22:720][  0]LogMeshUtilities: No automatic mesh merging module available
[2014.10.09-22.23.22:965][  0]LogInit: WinSock: version 1.1 (2.2), MaxSocks=32767, MaxUdp=65467
[2014.10.09-22.23.23:443][  0]LogStats:Warning: MetaData mismatch. Did you assign a stat to two groups? New //STATGROUP_Threads//FMonitoredProcess///Thread_10f8_0///////STATCAT_Advanced//// old //STATGROUP_Threads//FMonitoredProcess///Thread_fd8_0///////STATCAT_Advanced////
[2014.10.09-22.23.23:443][  0]UdpMessaging: Initializing bridge on interface 0.0.0.0:0 to multicast group 230.0.0.1:6666.
[2014.10.09-22.23.23:628][  0]SourceControl: Info Source control is disabled
[2014.10.09-22.23.23:628][  0]SourceControl: Info Source control is disabled
[2014.10.09-22.23.23:632][  0]SourceControl: Info Source control is disabled
[2014.10.09-22.23.23:749][  0]BlueprintLog: New page: Editor Load
[2014.10.09-22.23.23:815][  0]LogObj: 21445 objects as part of root set at end of initial load.
[2014.10.09-22.23.23:816][  0]LogUObjectAllocator: 4222784 out of 0 bytes used by permanent object pool.
[2014.10.09-22.23.23:971][  0]LogEngine: Initializing Engine...
[2014.10.09-22.23.24:039][  0]LogInit: XAudio2 using '8=0<8:8 (2- #AB@>9AB2> A ?>445@6:>9 High Definition Audio)' : 2 channels at 44.1 kHz using 16 bits per sample (channel mask 0x3)
[2014.10.09-22.23.24:052][  0]LogInit: FAudioDevice initialized.
[2014.10.09-22.23.24:061][  0]LogAIModule: Creating AISystem for world NewWorld
[2014.10.09-22.23.24:078][  0]LogDerivedDataCache: Saved boot cache 0.02s 39MB C:/Users/Evgeny/AppData/Local/UnrealEngine/4.4/DerivedDataCache/Boot.ddc.
[2014.10.09-22.23.24:081][  0]LogInit: Texture streaming: Enabled
[2014.10.09-22.23.24:102][  0]LogInit: Transaction tracking system initialized
[2014.10.09-22.23.24:183][  0]LogAssetRegistry: FAssetRegistry took 0.0115 seconds to start up
[2014.10.09-22.23.24:485][  0]LogTargetPlatformManager:Display: Building Assets For Windows
[2014.10.09-22.23.24:694][  0]LogTargetPlatformManager:Display: Building Assets For Windows
[2014.10.09-22.23.24:782][  0]LogConsoleResponse:Display: 
[2014.10.09-22.23.24:887][  0]LogStats:Warning: MetaData mismatch. Did you assign a stat to two groups? New //STATGROUP_Threads//FMonitoredProcess///Thread_1a94_0///////STATCAT_Advanced//// old //STATGROUP_Threads//FMonitoredProcess///Thread_fd8_0///////STATCAT_Advanced////
[2014.10.09-22.23.24:887][  0]LogStats:Warning: MetaData mismatch. Did you assign a stat to two groups? New //STATGROUP_Threads//FMonitoredProcess///Thread_1924_0///////STATCAT_Advanced//// old //STATGROUP_Threads//FMonitoredProcess///Thread_fd8_0///////STATCAT_Advanced////
[2014.10.09-22.23.24:888][  0]SourceControl: Info Source control is disabled
[2014.10.09-22.23.24:888][  0]Cmd: MAP LOAD FILE="../../../Engine/Content/Maps/Templates/Template_Default.umap" TEMPLATE=1 SHOWPROGRESS=1
[2014.10.09-22.23.24:889][  0]LightingResults: New page: Lighting Build
[2014.10.09-22.23.24:894][  0]MapCheck: New page: Map Check
[2014.10.09-22.23.24:894][  0]LightingResults: New page: Lighting Build
[2014.10.09-22.23.24:904][  0]LogParticles: Destroying 0 GPU particle simulations for FXSystem 0x000000EAA58176A0
[2014.10.09-22.23.25:002][  0]LogEditorServer: Finished looking for orphan Actors (0.000 secs)
[2014.10.09-22.23.25:002][  0]LogAIModule: Creating AISystem for world Template_Default
[2014.10.09-22.23.25:003][  0]Cmd: MAP CHECKDEP
[2014.10.09-22.23.25:003][  0]MapCheck: New page: Untitled_1 - Oct 10, 2014, 6:23:25 AM
[2014.10.09-22.23.25:035][  0]MapCheck: Info ========== Map Check: 0 Error(s), 0 Warning(s), [31.793ms] ==========
[2014.10.09-22.23.25:036][  0]LogFileHelpers: Loading map 'Template_Default' took 0.148
[2014.10.09-22.23.25:114][  0]LogCollectionManager: Loaded 0 collections in 0.000694 seconds
[2014.10.09-22.23.25:121][  0]LogContentBrowser:Verbose: The content browser source was changed by the sources view to '/Game'
[2014.10.09-22.23.25:212][  0]LogCrashTracker: Crashtracker disabled due to settings.
[2014.10.09-22.23.25:269][  0]LogLoad: Full Startup: 5.91 seconds (BP compile: 0.04 seconds)
[2014.10.09-22.23.25:437][  0]LogRenderer:Warning: Reallocating scene render targets to support 1104x936.
[2014.10.09-22.23.25:678][  1]LogAssetRegistry: Asset discovery search completed in 1.5062 seconds
[2014.10.09-22.23.28:550][285]Cmd: QUIT_EDITOR
[2014.10.09-22.23.28:631][285]LogWindowsTextInputMethodSystem:Error: Terminating failed while unadvising the language notification sink from the TSF source.
[2014.10.09-22.23.28:633][285]LogExit: Preparing to exit.
[2014.10.09-22.23.29:744][285]LogExit: Editor shut down
[2014.10.09-22.23.29:745][285]LogExit: Transaction tracking system shut down
[2014.10.09-22.23.29:746][285]LogParticles: Destroying 0 GPU particle simulations for FXSystem 0x000000EAA3DBDEE0
[2014.10.09-22.23.29:762][285]LogExit: Object subsystem successfully closed.
[2014.10.09-22.23.29:782][285]LogModuleManager: Shutting down and abandoning module HTTP (161)
[2014.10.09-22.23.29:783][285]LogModuleManager: Shutting down and abandoning module CrashTracker (160)
[2014.10.09-22.23.29:783][285]LogModuleManager: Shutting down and abandoning module SuperSearch (159)
[2014.10.09-22.23.29:783][285]LogModuleManager: Shutting down and abandoning module SceneOutliner (158)
[2014.10.09-22.23.29:783][285]LogModuleManager: Shutting down and abandoning module EditorWidgets (157)
[2014.10.09-22.23.29:784][285]LogModuleManager: Shutting down and abandoning module CollectionManager (156)
[2014.10.09-22.23.29:784][285]LogModuleManager: Shutting down and abandoning module StatsViewer (155)
[2014.10.09-22.23.29:784][285]LogModuleManager: Shutting down and abandoning module FoliageEdit (154)
[2014.10.09-22.23.29:784][285]LogModuleManager: Shutting down and abandoning module LandscapeEditor (153)
[2014.10.09-22.23.29:784][285]LogModuleManager: Shutting down and abandoning module MeshPaint (152)
[2014.10.09-22.23.29:785][285]LogModuleManager: Shutting down and abandoning module ActorPickerMode (151)
[2014.10.09-22.23.29:785][285]LogModuleManager: Shutting down and abandoning module GeometryMode (150)
[2014.10.09-22.23.29:785][285]LogModuleManager: Shutting down and abandoning module TextureAlignMode (149)
[2014.10.09-22.23.29:785][285]LogModuleManager: Shutting down and abandoning module BspMode (148)
[2014.10.09-22.23.29:785][285]LogModuleManager: Shutting down and abandoning module PlacementMode (147)
[2014.10.09-22.23.29:785][285]LogModuleManager: Shutting down and abandoning module DesktopPlatform (146)
[2014.10.09-22.23.29:786][285]LogModuleManager: Shutting down and abandoning module AutomationWorker (145)
[2014.10.09-22.23.29:786][285]LogModuleManager: Shutting down and abandoning module EditorLiveStreaming (144)
[2014.10.09-22.23.29:786][285]LogModuleManager: Shutting down and abandoning module BehaviorTreeEditor (143)
[2014.10.09-22.23.29:786][285]LogModuleManager: Shutting down and abandoning module DeviceProfileEditor (142)
[2014.10.09-22.23.29:786][285]LogModuleManager: Shutting down and abandoning module UndoHistory (141)
[2014.10.09-22.23.29:786][285]LogModuleManager: Shutting down and abandoning module GameplayTagsEditor (140)
[2014.10.09-22.23.29:787][285]LogModuleManager: Shutting down and abandoning module UserFeedback (139)
[2014.10.09-22.23.29:787][285]LogModuleManager: Shutting down and abandoning module XmlParser (138)
[2014.10.09-22.23.29:787][285]LogModuleManager: Shutting down and abandoning module Blutility (137)
[2014.10.09-22.23.29:787][285]LogModuleManager: Shutting down and abandoning module IOSPlatformEditor (136)
[2014.10.09-22.23.29:787][285]LogModuleManager: Shutting down and abandoning module IOSRuntimeSettings (135)
[2014.10.09-22.23.29:787][285]LogModuleManager: Shutting down and abandoning module AndroidPlatformEditor (134)
[2014.10.09-22.23.29:788][285]LogModuleManager: Shutting down and abandoning module AndroidRuntimeSettings (133)
[2014.10.09-22.23.29:788][285]LogModuleManager: Shutting down and abandoning module ProjectTargetPlatformEditor (132)
[2014.10.09-22.23.29:788][285]LogModuleManager: Shutting down and abandoning module ProjectSettingsViewer (131)
[2014.10.09-22.23.29:788][285]LogModuleManager: Shutting down and abandoning module InputBindingEditor (130)
[2014.10.09-22.23.29:788][285]LogModuleManager: Shutting down and abandoning module EditorSettingsViewer (129)
[2014.10.09-22.23.29:788][285]LogModuleManager: Shutting down and abandoning module SettingsEditor (128)
[2014.10.09-22.23.29:789][285]LogModuleManager: Shutting down and abandoning module SessionLauncher (127)
[2014.10.09-22.23.29:789][285]LogModuleManager: Shutting down and abandoning module SessionFrontend (126)
[2014.10.09-22.23.29:789][285]LogModuleManager: Shutting down and abandoning module ProfilerClient (125)
[2014.10.09-22.23.29:789][285]LogModuleManager: Shutting down and abandoning module TargetDeviceServices (124)
[2014.10.09-22.23.29:789][285]LogModuleManager: Shutting down and abandoning module DeviceManager (123)
[2014.10.09-22.23.29:790][285]LogModuleManager: Shutting down and abandoning module AutomationController (122)
[2014.10.09-22.23.29:790][285]LogModuleManager: Shutting down and abandoning module AutomationWindow (121)
[2014.10.09-22.23.29:790][285]LogModuleManager: Shutting down and abandoning module Layers (120)
[2014.10.09-22.23.29:790][285]LogModuleManager: Shutting down and abandoning module ComponentVisualizers (119)
[2014.10.09-22.23.29:790][285]LogModuleManager: Shutting down and abandoning module DetailCustomizations (118)
[2014.10.09-22.23.29:790][285]LogModuleManager: Shutting down and abandoning module PackagesDialog (117)
[2014.10.09-22.23.29:791][285]LogModuleManager: Shutting down and abandoning module DirectoryWatcher (116)
[2014.10.09-22.23.29:791][285]LogModuleManager: Shutting down and abandoning module AssetRegistry (115)
[2014.10.09-22.23.29:896][285]LogModuleManager: Shutting down and abandoning module Persona (114)
[2014.10.09-22.23.29:897][285]LogModuleManager: Shutting down and abandoning module GraphEditor (113)
[2014.10.09-22.23.29:898][285]LogModuleManager: Shutting down and abandoning module ClassViewer (112)
[2014.10.09-22.23.29:898][285]LogModuleManager: Shutting down and abandoning module Toolbox (111)
[2014.10.09-22.23.29:899][285]LogModuleManager: Shutting down and abandoning module ModuleUI (110)
[2014.10.09-22.23.29:900][285]LogModuleManager: Shutting down and abandoning module Sequencer (109)
[2014.10.09-22.23.29:900][285]LogModuleManager: Shutting down and abandoning module MovieSceneTools (108)
[2014.10.09-22.23.29:901][285]LogModuleManager: Shutting down and abandoning module OutputLog (107)
[2014.10.09-22.23.29:901][285]LogModuleManager: Shutting down and abandoning module GammaUI (106)
[2014.10.09-22.23.29:902][285]LogModuleManager: Shutting down and abandoning module Documentation (105)
[2014.10.09-22.23.29:903][285]LogModuleManager: Shutting down and abandoning module GameLiveStreaming (104)
[2014.10.09-22.23.29:903][285]LogModuleManager: Shutting down and abandoning module StreamingPauseRendering (103)
[2014.10.09-22.23.29:904][285]LogModuleManager: Shutting down and abandoning module AnalyticsET (102)
[2014.10.09-22.23.29:904][285]LogModuleManager: Shutting down and abandoning module Analytics (101)
[2014.10.09-22.23.29:904][285]LogModuleManager: Shutting down and abandoning module GameplayDebugger (100)
[2014.10.09-22.23.29:905][285]LogModuleManager: Shutting down and abandoning module AIModule (99)
[2014.10.09-22.23.29:906][285]LogModuleManager: Shutting down and abandoning module ProfilerService (98)
[2014.10.09-22.23.29:953][285]LogModuleManager: Shutting down and abandoning module TaskGraph (97)
[2014.10.09-22.23.29:953][285]LogModuleManager: Shutting down and abandoning module SlateRemote (96)
[2014.10.09-22.23.29:954][285]LogModuleManager: Shutting down and abandoning module ScriptEditorPlugin (95)
[2014.10.09-22.23.29:954][285]LogModuleManager: Shutting down and abandoning module CustomMeshComponent (94)
[2014.10.09-22.23.29:955][285]LogModuleManager: Shutting down and abandoning module CableComponent (93)
[2014.10.09-22.23.29:956][285]LogModuleManager: Shutting down and abandoning module MessagingDebugger (92)
[2014.10.09-22.23.29:956][285]LogModuleManager: Shutting down and abandoning module ViewportSnapping (91)
[2014.10.09-22.23.29:957][285]LogModuleManager: Shutting down and abandoning module SmartSnapping (90)
[2014.10.09-22.23.29:957][285]LogModuleManager: Shutting down and abandoning module PaperTiledImporter (89)
[2014.10.09-22.23.29:958][285]LogModuleManager: Shutting down and abandoning module PaperJsonImporter (88)
[2014.10.09-22.23.29:958][285]LogModuleManager: Shutting down and abandoning module GameProjectGeneration (87)
[2014.10.09-22.23.29:959][285]LogModuleManager: Shutting down and abandoning module Matinee (86)
[2014.10.09-22.23.29:959][285]LogModuleManager: Shutting down and abandoning module Kismet (85)
[2014.10.09-22.23.29:960][285]LogModuleManager: Shutting down and abandoning module SlateReflector (84)
[2014.10.09-22.23.29:960][285]LogModuleManager: Shutting down and abandoning module LevelEditor (83)
[2014.10.09-22.23.29:962][285]LogModuleManager: Shutting down and abandoning module IntroTutorials (82)
[2014.10.09-22.23.29:963][285]LogModuleManager: Shutting down and abandoning module ContentBrowser (81)
[2014.10.09-22.23.29:964][285]LogModuleManager: Shutting down and abandoning module PropertyEditor (80)
[2014.10.09-22.23.29:964][285]LogModuleManager: Shutting down and abandoning module AssetTools (79)
[2014.10.09-22.23.29:965][285]LogModuleManager: Shutting down and abandoning module Paper2DEditor (78)
[2014.10.09-22.23.29:965][285]LogModuleManager: Shutting down and abandoning module SpeedTreeImporter (77)
[2014.10.09-22.23.29:966][285]LogModuleManager: Shutting down and abandoning module PluginsEditor (76)
[2014.10.09-22.23.29:966][285]LogModuleManager: Shutting down and abandoning module MainFrame (75)
[2014.10.09-22.23.29:967][285]LogModuleManager: Shutting down and abandoning module EpicSurvey (74)
[2014.10.09-22.23.29:967][285]LogModuleManager: Shutting down and abandoning module VisualStudioSourceCodeAccess (73)
[2014.10.09-22.23.29:968][285]LogModuleManager: Shutting down and abandoning module UObjectPlugin (72)
[2014.10.09-22.23.29:968][285]LogModuleManager: Shutting down and abandoning module SubversionSourceControl (71)
[2014.10.09-22.23.29:969][285]LogModuleManager: Shutting down and abandoning module SourceControl (70)
[2014.10.09-22.23.29:969][285]LogModuleManager: Shutting down and abandoning module PerforceSourceControl (69)
[2014.10.09-22.23.29:970][285]LogModuleManager: Shutting down and abandoning module BlankPlugin (68)
[2014.10.09-22.23.29:970][285]LogModuleManager: Shutting down and abandoning module Tokyo (67)
[2014.10.09-22.23.29:971][285]LogModuleManager: Shutting down and abandoning module ScriptPlugin (66)
[2014.10.09-22.23.29:971][285]LogModuleManager: Shutting down and abandoning module UdpMessaging (65)
[2014.10.09-22.23.30:073][285]LogModuleManager: Shutting down and abandoning module Paper2D (64)
[2014.10.09-22.23.30:073][285]LogModuleManager: Shutting down and abandoning module WindowsMoviePlayer (63)
[2014.10.09-22.23.30:077][285]LogModuleManager: Shutting down and abandoning module ImageWrapper (62)
[2014.10.09-22.23.30:077][285]LogModuleManager: Shutting down and abandoning module OnlineBlueprintSupport (61)
[2014.10.09-22.23.30:078][285]LogModuleManager: Shutting down and abandoning module FunctionalTesting (60)
[2014.10.09-22.23.30:079][285]LogModuleManager: Shutting down and abandoning module CollisionAnalyzer (59)
[2014.10.09-22.23.30:079][285]LogModuleManager: Shutting down and abandoning module WorkspaceMenuStructure (58)
[2014.10.09-22.23.30:079][285]LogModuleManager: Shutting down and abandoning module MessageLog (57)
[2014.10.09-22.23.30:080][285]LogModuleManager: Shutting down and abandoning module UMGEditor (56)
[2014.10.09-22.23.30:080][285]LogModuleManager: Shutting down and abandoning module UMG (55)
[2014.10.09-22.23.30:080][285]LogModuleManager: Shutting down and abandoning module Slate (54)
[2014.10.09-22.23.30:081][285]LogModuleManager: Shutting down and abandoning module EditorStyle (53)
[2014.10.09-22.23.30:083][285]LogModuleManager: Shutting down and abandoning module SessionServices (52)
[2014.10.09-22.23.30:083][285]LogModuleManager: Shutting down and abandoning module SourceCodeAccess (51)
[2014.10.09-22.23.30:083][285]LogModuleManager: Shutting down and abandoning module HeadMountedDisplay (50)
[2014.10.09-22.23.30:084][285]LogModuleManager: Shutting down and abandoning module XAudio2 (49)
[2014.10.09-22.23.30:084][285]LogModuleManager: Shutting down and abandoning module Networking (47)
[2014.10.09-22.23.30:084][285]LogModuleManager: Shutting down and abandoning module Core (46)
[2014.10.09-22.23.30:084][285]LogModuleManager: Shutting down and abandoning module KismetCompiler (45)
[2014.10.09-22.23.30:085][285]LogModuleManager: Shutting down and abandoning module PhysXFormats (44)
[2014.10.09-22.23.30:085][285]LogModuleManager: Shutting down and abandoning module MeshUtilities (43)
[2014.10.09-22.23.30:085][285]LogModuleManager: Shutting down and abandoning module DerivedDataCache (42)
[2014.10.09-22.23.30:332][285]LogDerivedDataCache: Shutdown
[2014.10.09-22.23.30:333][285]LogModuleManager: Shutting down and abandoning module ShaderFormatOpenGL (41)
[2014.10.09-22.23.30:333][285]LogModuleManager: Shutting down and abandoning module ShaderFormatD3D (40)
[2014.10.09-22.23.30:333][285]LogModuleManager: Shutting down and abandoning module MetalShaderFormat (39)
[2014.10.09-22.23.30:333][285]LogModuleManager: Shutting down and abandoning module TextureFormatUncompressed (38)
[2014.10.09-22.23.30:334][285]LogModuleManager: Shutting down and abandoning module TextureFormatPVR (37)
[2014.10.09-22.23.30:334][285]LogModuleManager: Shutting down and abandoning module TextureFormatDXT (36)
[2014.10.09-22.23.30:334][285]LogModuleManager: Shutting down and abandoning module TextureFormatAndroid (35)
[2014.10.09-22.23.30:334][285]LogModuleManager: Shutting down and abandoning module AudioFormatOpus (34)
[2014.10.09-22.23.30:334][285]LogModuleManager: Shutting down and abandoning module AudioFormatOgg (33)
[2014.10.09-22.23.30:334][285]LogModuleManager: Shutting down and abandoning module AudioFormatADPCM (32)
[2014.10.09-22.23.30:335][285]LogModuleManager: Shutting down and abandoning module Messaging (31)
[2014.10.09-22.23.30:335][285]LogModuleManager: Shutting down and abandoning module IOSTargetPlatform (30)
[2014.10.09-22.23.30:335][285]LogModuleManager: Shutting down and abandoning module Android_PVRTCTargetPlatform (29)
[2014.10.09-22.23.30:335][285]LogModuleManager: Shutting down and abandoning module Android_ETC2TargetPlatform (28)
[2014.10.09-22.23.30:335][285]LogModuleManager: Shutting down and abandoning module Android_ETC1TargetPlatform (27)
[2014.10.09-22.23.30:335][285]LogModuleManager: Shutting down and abandoning module Android_DXTTargetPlatform (26)
[2014.10.09-22.23.30:335][285]LogModuleManager: Shutting down and abandoning module Android_ATCTargetPlatform (25)
[2014.10.09-22.23.30:336][285]LogModuleManager: Shutting down and abandoning module AndroidTargetPlatform (24)
[2014.10.09-22.23.30:336][285]LogModuleManager: Shutting down and abandoning module WindowsTargetPlatform (23)
[2014.10.09-22.23.30:336][285]LogModuleManager: Shutting down and abandoning module WindowsServerTargetPlatform (22)
[2014.10.09-22.23.30:336][285]LogModuleManager: Shutting down and abandoning module WindowsNoEditorTargetPlatform (21)
[2014.10.09-22.23.30:336][285]LogModuleManager: Shutting down and abandoning module WindowsClientTargetPlatform (20)
[2014.10.09-22.23.30:337][285]LogModuleManager: Shutting down and abandoning module TargetPlatform (19)
[2014.10.09-22.23.30:337][285]LogModuleManager: Shutting down and abandoning module InputCore (18)
[2014.10.09-22.23.30:337][285]LogModuleManager: Shutting down and abandoning module Settings (17)
[2014.10.09-22.23.30:337][285]LogModuleManager: Shutting down and abandoning module ExampleDeviceProfileSelector (14)
[2014.10.09-22.23.30:337][285]LogModuleManager: Shutting down and abandoning module OculusRift (13)
[2014.10.09-22.23.30:337][285]LogModuleManager: Shutting down and abandoning module TextureCompressor (12)
[2014.10.09-22.23.30:338][285]LogModuleManager: Shutting down and abandoning module ShaderCore (11)
[2014.10.09-22.23.30:338][285]LogModuleManager: Shutting down and abandoning module OpenGLDrv (10)
[2014.10.09-22.23.30:338][285]LogModuleManager: Shutting down and abandoning module D3D11RHI (9)
[2014.10.09-22.23.30:338][285]LogModuleManager: Shutting down and abandoning module SlateRHIRenderer (8)
[2014.10.09-22.23.30:338][285]LogModuleManager: Shutting down and abandoning module Renderer (7)
[2014.10.09-22.23.30:339][285]LogModuleManager: Shutting down and abandoning module Engine (6)
[2014.10.09-22.23.30:339][285]LogModuleManager: Shutting down and abandoning module CoreUObject (5)
[2014.10.09-22.23.30:339][285]LogModuleManager: Shutting down and abandoning module NetworkFile (4)
[2014.10.09-22.23.30:339][285]LogModuleManager: Shutting down and abandoning module StreamingFile (3)
[2014.10.09-22.23.30:339][285]LogModuleManager: Shutting down and abandoning module SandboxFile (2)
[2014.10.09-22.23.30:340][285]LogModuleManager: Shutting down and abandoning module PakFile (1)
[2014.10.09-22.23.30:341][285]LogExit: Exiting.
[2014.10.09-22.23.30:342][285]Log file closed, 10/10/14 02:23:30
