Log file open, 10/10/14 01:12:51
LogInit:Display: Running engine for game: Tokyo
LogInit: Version: 4.4.3-2296771+++depot+UE4-Releases+4.4
LogInit: API Version: 2255576
LogInit: Compiled (64-bit): Sep 13 2014 22:30:58
LogInit: Build Configuration: Development
LogInit: Branch Name: ++depot+UE4-Releases+4.4
LogInit: Command line: 
LogInit: Base directory: C:/Program Files/Unreal Engine/4.4/Engine/Binaries/Win64/
LogInit: Rocket: 1
[2014.10.09-21.12.51:647][  0]LogTaskGraph: Started task graph with 3 named threads and 4 total threads.
[2014.10.09-21.12.51:675][  0]LogOnline:Warning: No default platform service specified for OnlineSubsystem
[2014.10.09-21.12.51:686][  0]LogInit: Presizing for 0 objects not considered by GC, pre-allocating 0 bytes.
[2014.10.09-21.12.51:691][  0]LogInit: Object subsystem initialized
[2014.10.09-21.12.51:694][  0]LogInit: Selected Device Profile: [Windows]
[2014.10.09-21.12.51:694][  0]LogInit: Applying CVar settings loaded from the selected device profile: [Windows]
[2014.10.09-21.12.51:698][  0]LogInit: Computer: EVGENY
[2014.10.09-21.12.51:698][  0]LogInit: User: Evgeny
[2014.10.09-21.12.51:700][  0]LogInit: CPU Page size=4096, Cores=4
[2014.10.09-21.12.51:700][  0]LogInit: High frequency timer resolution =3.320318 MHz
[2014.10.09-21.12.51:700][  0]LogMemory: Memory total: Physical=31.9GB (32GB approx) Virtual=131072.0GB
[2014.10.09-21.12.51:701][  0]LogMemory: Platform Memory Stats for Windows
[2014.10.09-21.12.51:701][  0]LogMemory: Process Physical Memory: 58.40 MB used, 58.40 MB peak
[2014.10.09-21.12.51:701][  0]LogMemory: Process Virtual Memory: 34.06 MB used, 34.06 MB peak
[2014.10.09-21.12.51:701][  0]LogMemory: Physical Memory: 4523.79 MB used, 32673.82 MB total
[2014.10.09-21.12.51:702][  0]LogMemory: Virtual Memory: 267.15 MB used, 134217728.00 MB total
[2014.10.09-21.12.51:764][  0]LogD3D11RHI: Found D3D11 adapter 0: NVIDIA GeForce GTX 780 (Feature Level 11_0)
[2014.10.09-21.12.51:765][  0]LogD3D11RHI: Adapter has 2930MB of dedicated video memory, 0MB of dedicated system memory, and 16336MB of shared system memory, 1 output[s]
[2014.10.09-21.12.51:773][  0]LogD3D11RHI: Found D3D11 adapter 1: Microsoft Basic Render Driver (Feature Level 11_0)
[2014.10.09-21.12.51:773][  0]LogD3D11RHI: Adapter has 0MB of dedicated video memory, 0MB of dedicated system memory, and 256MB of shared system memory, 0 output[s]
[2014.10.09-21.12.51:774][  0]LogD3D11RHI: Chosen D3D11 Adapter Id = 0
[2014.10.09-21.12.51:778][  0]LogRHI: Texture pool is 1361 MB (70% of 1945 MB)
[2014.10.09-21.12.51:816][  0]LogD3D11RHI: Async texture creation enabled
[2014.10.09-21.12.51:873][  0]LogTextLocalizationManager:Warning: The selected culture 'ru_RU' is not available; falling back to 'en'
[2014.10.09-21.12.51:931][  0]LogContentStreaming: Texture pool size is 0.000000MB
[2014.10.09-21.12.53:072][  0]LogTargetPlatformManager:Display: Building Assets For Windows
[2014.10.09-21.12.53:381][  0]LogTargetPlatformManager:Display: Building Assets For Windows
[2014.10.09-21.12.53:408][  0]LogDerivedDataCache:Display: Max Cache Size: 512 MB
[2014.10.09-21.12.53:442][  0]LogDerivedDataCache: Loaded boot cache 0.03s 40MB C:/Users/Evgeny/AppData/Local/UnrealEngine/4.4/DerivedDataCache/Boot.ddc.
[2014.10.09-21.12.53:443][  0]LogDerivedDataCache:Display: Loaded Boot cache: C:/Users/Evgeny/AppData/Local/UnrealEngine/4.4/DerivedDataCache/Boot.ddc
[2014.10.09-21.12.53:443][  0]LogDerivedDataCache: FDerivedDataBackendGraph:  Pak pak cache file ../../../../../../Users/Evgeny/Documents/Unreal Projects/Tokyo/DerivedDataCache/DDC.ddp not found, will not use a pak cache.
[2014.10.09-21.12.53:443][  0]LogDerivedDataCache: Unable to find inner node Pak for hierarchical cache Hierarchy.
[2014.10.09-21.12.53:456][  0]LogDerivedDataCache:Display: Pak cache opened for reading ../../../Engine/DerivedDataCache/DDC.ddp.
[2014.10.09-21.12.53:468][  0]LogDerivedDataCache: Using Local data cache path C:/Users/Evgeny/AppData/Local/UnrealEngine/4.4/DerivedDataCache: Writable
[2014.10.09-21.12.53:575][  0]LogMeshUtilities: No automatic mesh reduction module available
[2014.10.09-21.12.53:576][  0]LogMeshUtilities: No automatic mesh merging module available
[2014.10.09-21.12.53:821][  0]LogInit: WinSock: version 1.1 (2.2), MaxSocks=32767, MaxUdp=65467
[2014.10.09-21.12.54:377][  0]LogStats:Warning: MetaData mismatch. Did you assign a stat to two groups? New //STATGROUP_Threads//FMonitoredProcess///Thread_1b84_0///////STATCAT_Advanced//// old //STATGROUP_Threads//FMonitoredProcess///Thread_1c10_0///////STATCAT_Advanced////
[2014.10.09-21.12.54:377][  0]UdpMessaging: Initializing bridge on interface 0.0.0.0:0 to multicast group 230.0.0.1:6666.
[2014.10.09-21.12.54:489][  0]SourceControl: Info Source control is disabled
[2014.10.09-21.12.54:489][  0]SourceControl: Info Source control is disabled
[2014.10.09-21.12.54:495][  0]SourceControl: Info Source control is disabled
[2014.10.09-21.12.54:629][  0]BlueprintLog: New page: Editor Load
[2014.10.09-21.12.54:706][  0]LogObj: 21445 objects as part of root set at end of initial load.
[2014.10.09-21.12.54:706][  0]LogUObjectAllocator: 4222776 out of 0 bytes used by permanent object pool.
[2014.10.09-21.12.54:882][  0]LogEngine: Initializing Engine...
[2014.10.09-21.12.54:956][  0]LogInit: XAudio2 using '8=0<8:8 (2- #AB@>9AB2> A ?>445@6:>9 High Definition Audio)' : 2 channels at 44.1 kHz using 16 bits per sample (channel mask 0x3)
[2014.10.09-21.12.54:971][  0]LogInit: FAudioDevice initialized.
[2014.10.09-21.12.54:981][  0]LogAIModule: Creating AISystem for world NewWorld
[2014.10.09-21.12.55:001][  0]LogDerivedDataCache: Saved boot cache 0.02s 40MB C:/Users/Evgeny/AppData/Local/UnrealEngine/4.4/DerivedDataCache/Boot.ddc.
[2014.10.09-21.12.55:004][  0]LogInit: Texture streaming: Enabled
[2014.10.09-21.12.55:025][  0]LogInit: Transaction tracking system initialized
[2014.10.09-21.12.55:119][  0]LogAssetRegistry: FAssetRegistry took 0.0111 seconds to start up
[2014.10.09-21.12.55:477][  0]LogTargetPlatformManager:Display: Building Assets For Windows
[2014.10.09-21.12.55:732][  0]LogTargetPlatformManager:Display: Building Assets For Windows
[2014.10.09-21.12.55:833][  0]LogConsoleResponse:Display: 
[2014.10.09-21.12.55:942][  0]LogStats:Warning: MetaData mismatch. Did you assign a stat to two groups? New //STATGROUP_Threads//FMonitoredProcess///Thread_1f54_0///////STATCAT_Advanced//// old //STATGROUP_Threads//FMonitoredProcess///Thread_1c10_0///////STATCAT_Advanced////
[2014.10.09-21.12.55:942][  0]LogStats:Warning: MetaData mismatch. Did you assign a stat to two groups? New //STATGROUP_Threads//FMonitoredProcess///Thread_7ac_0///////STATCAT_Advanced//// old //STATGROUP_Threads//FMonitoredProcess///Thread_1c10_0///////STATCAT_Advanced////
[2014.10.09-21.12.55:942][  0]SourceControl: Info Source control is disabled
[2014.10.09-21.12.55:943][  0]Cmd: MAP LOAD FILE="../../../Engine/Content/Maps/Templates/Template_Default.umap" TEMPLATE=1 SHOWPROGRESS=1
[2014.10.09-21.12.55:943][  0]LightingResults: New page: Lighting Build
[2014.10.09-21.12.55:949][  0]MapCheck: New page: Map Check
[2014.10.09-21.12.55:950][  0]LightingResults: New page: Lighting Build
[2014.10.09-21.12.55:963][  0]LogParticles: Destroying 0 GPU particle simulations for FXSystem 0x000000FD98AC8360
[2014.10.09-21.12.56:080][  0]LogEditorServer: Finished looking for orphan Actors (0.000 secs)
[2014.10.09-21.12.56:080][  0]LogAIModule: Creating AISystem for world Template_Default
[2014.10.09-21.12.56:081][  0]Cmd: MAP CHECKDEP
[2014.10.09-21.12.56:081][  0]MapCheck: New page: Untitled_1 - Oct 10, 2014, 5:12:56 AM
[2014.10.09-21.12.56:125][  0]MapCheck: Info ========== Map Check: 0 Error(s), 0 Warning(s), [43.591ms] ==========
[2014.10.09-21.12.56:125][  0]LogFileHelpers: Loading map 'Template_Default' took 0.182
[2014.10.09-21.12.56:244][  0]LogCollectionManager: Loaded 0 collections in 0.001151 seconds
[2014.10.09-21.12.56:379][  0]LogCrashTracker: Crashtracker disabled due to settings.
[2014.10.09-21.12.56:441][  0]LogLoad: Full Startup: 6.36 seconds (BP compile: 0.05 seconds)
[2014.10