Log file open, 10/11/14 02:38:13
LogInit:Display: Running engine for game: Tokyo
LogInit: Version: 4.4.3-2296771+++depot+UE4-Releases+4.4
LogInit: API Version: 2255576
LogInit: Compiled (64-bit): Sep 13 2014 22:30:58
LogInit: Build Configuration: Development
LogInit: Branch Name: ++depot+UE4-Releases+4.4
LogInit: Command line: 
LogInit: Base directory: C:/Program Files/Unreal Engine/4.4/Engine/Binaries/Win64/
LogInit: Rocket: 1
[2014.10.10-22.38.13:410][  0]LogTaskGraph: Started task graph with 3 named threads and 4 total threads.
[2014.10.10-22.38.13:436][  0]LogOnline:Warning: No default platform service specified for OnlineSubsystem
[2014.10.10-22.38.13:444][  0]LogInit: Presizing for 0 objects not considered by GC, pre-allocating 0 bytes.
[2014.10.10-22.38.13:449][  0]LogInit: Object subsystem initialized
[2014.10.10-22.38.13:451][  0]LogInit: Selected Device Profile: [Windows]
[2014.10.10-22.38.13:451][  0]LogInit: Applying CVar settings loaded from the selected device profile: [Windows]
[2014.10.10-22.38.13:454][  0]LogInit: Computer: EVGENY
[2014.10.10-22.38.13:454][  0]LogInit: User: Evgeny
[2014.10.10-22.38.13:455][  0]LogInit: CPU Page size=4096, Cores=4
[2014.10.10-22.38.13:456][  0]LogInit: High frequency timer resolution =3.320317 MHz
[2014.10.10-22.38.13:456][  0]LogMemory: Memory total: Physical=31.9GB (32GB approx) Virtual=131072.0GB
[2014.10.10-22.38.13:456][  0]LogMemory: Platform Memory Stats for Windows
[2014.10.10-22.38.13:457][  0]LogMemory: Process Physical Memory: 59.84 MB used, 59.84 MB peak
[2014.10.10-22.38.13:457][  0]LogMemory: Process Virtual Memory: 38.13 MB used, 38.13 MB peak
[2014.10.10-22.38.13:457][  0]LogMemory: Physical Memory: 7818.56 MB used, 32673.82 MB total
[2014.10.10-22.38.13:457][  0]LogMemory: Virtual Memory: 271.21 MB used, 134217728.00 MB total
[2014.10.10-22.38.13:510][  0]LogD3D11RHI: Found D3D11 adapter 0: NVIDIA GeForce GTX 780 (Feature Level 11_0)
[2014.10.10-22.38.13:510][  0]LogD3D11RHI: Adapter has 2930MB of dedicated video memory, 0MB of dedicated system memory, and 16336MB of shared system memory, 1 output[s]
[2014.10.10-22.38.13:516][  0]LogD3D11RHI: Found D3D11 adapter 1: Microsoft Basic Render Driver (Feature Level 11_0)
[2014.10.10-22.38.13:516][  0]LogD3D11RHI: Adapter has 0MB of dedicated video memory, 0MB of dedicated system memory, and 256MB of shared system memory, 0 output[s]
[2014.10.10-22.38.13:517][  0]LogD3D11RHI: Chosen D3D11 Adapter Id = 0
[2014.10.10-22.38.13:521][  0]LogRHI: Texture pool is 1361 MB (70% of 1945 MB)
[2014.10.10-22.38.13:559][  0]LogD3D11RHI: Async texture creation enabled
[2014.10.10-22.38.13:616][  0]LogTextLocalizationManager:Warning: The selected culture 'ru_RU' is not available; falling back to 'en'
[2014.10.10-22.38.13:673][  0]LogContentStreaming: Texture pool size is 0.000000MB
[2014.10.10-22.38.14:731][  0]LogTargetPlatformManager:Display: Building Assets For Windows
[2014.10.10-22.38.15:045][  0]LogTargetPlatformManager:Display: Building Assets For Windows
[2014.10.10-22.38.15:078][  0]LogDerivedDataCache:Display: Max Cache Size: 512 MB
[2014.10.10-22.38.15:120][  0]LogDerivedDataCache: Loaded boot cache 0.04s 39MB C:/Users/Evgeny/AppData/Local/UnrealEngine/4.4/DerivedDataCache/Boot.ddc.
[2014.10.10-22.38.15:121][  0]LogDerivedDataCache:Display: Loaded Boot cache: C:/Users/Evgeny/AppData/Local/UnrealEngine/4.4/DerivedDataCache/Boot.ddc
[2014.10.10-22.38.15:121][  0]LogDerivedDataCache: FDerivedDataBackendGraph:  Pak pak cache file ../../../../../../Dgek/Tokyo/DerivedDataCache/DDC.ddp not found, will not use a pak cache.
[2014.10.10-22.38.15:121][  0]LogDerivedDataCache: Unable to find inner node Pak for hierarchical cache Hierarchy.
[2014.10.10-22.38.15:137][  0]LogDerivedDataCache:Display: Pak cache opened for reading ../../../Engine/DerivedDataCache/DDC.ddp.
[2014.10.10-22.38.15:150][  0]LogDerivedDataCache: Using Local data cache path C:/Users/Evgeny/AppData/Local/UnrealEngine/4.4/DerivedDataCache: Writable
[2014.10.10-22.38.15:259][  0]LogMeshUtilities: No automatic mesh reduction module available
[2014.10.10-22.38.15:260][  0]LogMeshUtilities: No automatic mesh merging module available
[2014.10.10-22.38.15:514][  0]LogInit: WinSock: version 1.1 (2.2), MaxSocks=32767, MaxUdp=65467
[2014.10.10-22.38.16:025][  0]LogStats:Warning: MetaData mismatch. Did you assign a stat to two groups? New //STATGROUP_Threads//FMonitoredProcess///Thread_14b8_0///////STATCAT_Advanced//// old //STATGROUP_Threads//FMonitoredProcess///Thread_1c94_0///////STATCAT_Advanced////
[2014.10.10-22.38.16:026][  0]UdpMessaging: Initializing bridge on interface 0.0.0.0:0 to multicast group 230.0.0.1:6666.
[2014.10.10-22.38.16:133][  0]SourceControl: Info Source control is disabled
[2014.10.10-22.38.16:133][  0]SourceControl: Info Source control is disabled
[2014.10.10-22.38.16:139][  0]SourceControl: Info Source control is disabled
[2014.10.10-22.38.16:275][  0]BlueprintLog: New page: Editor Load
[2014.10.10-22.38.16:344][  0]LogObj: 21445 objects as part of root set at end of initial load.
[2014.10.10-22.38.16:344][  0]LogUObjectAllocator: 4222784 out of 0 bytes used by permanent object pool.
[2014.10.10-22.38.16:509][  0]LogEngine: Initializing Engine...
[2014.10.10-22.38.16:581][  0]LogInit: XAudio2 using '0CH=8:8 30@=8BC@K (Razer Kraken 7.1)' : 2 channels at 44.1 kHz using 16 bits per sample (channel mask 0x3)
[2014.10.10-22.38.16:599][  0]LogInit: FAudioDevice initialized.
[2014.10.10-22.38.16:609][  0]LogAIModule: Creating AISystem for world NewWorld
[2014.10.10-22.38.16:626][  0]LogDerivedDataCache: Saved boot cache 0.02s 39MB C:/Users/Evgeny/AppData/Local/UnrealEngine/4.4/DerivedDataCache/Boot.ddc.
[2014.10.10-22.38.16:629][  0]LogInit: Texture streaming: Enabled
[2014.10.10-22.38.16:656][  0]LogInit: Transaction tracking system initialized
[2014.10.10-22.38.16:747][  0]LogAssetRegistry: FAssetRegistry took 0.0116 seconds to start up
[2014.10.10-22.38.17:084][  0]LogTargetPlatformManager:Display: Building Assets For Windows
[2014.10.10-22.38.17:312][  0]LogTargetPlatformManager:Display: Building Assets For Windows
[2014.10.10-22.38.17:401][  0]LogConsoleResponse:Display: 
[2014.10.10-22.38.17:509][  0]LogStats:Warning: MetaData mismatch. Did you assign a stat to two groups? New //STATGROUP_Threads//FMonitoredProcess///Thread_1b9c_0///////STATCAT_Advanced//// old //STATGROUP_Threads//FMonitoredProcess///Thread_1c94_0///////STATCAT_Advanced////
[2014.10.10-22.38.17:510][  0]LogStats:Warning: MetaData mismatch. Did you assign a stat to two groups? New //STATGROUP_Threads//FMonitoredProcess///Thread_11f8_0///////STATCAT_Advanced//// old //STATGROUP_Threads//FMonitoredProcess///Thread_1c94_0///////STATCAT_Advanced////
[2014.10.10-22.38.17:510][  0]SourceControl: Info Source control is disabled
[2014.10.10-22.38.17:510][  0]Cmd: MAP LOAD FILE="../../../Engine/Content/Maps/Templates/Template_Default.umap" TEMPLATE=1 SHOWPROGRESS=1
[2014.10.10-22.38.17:511][  0]LightingResults: New page: Lighting Build
[2014.10.10-22.38.17:516][  0]MapCheck: New page: Map Check
[2014.10.10-22.38.17:516][  0]LightingResults: New page: Lighting Build
[2014.10.10-22.38.17:526][  0]LogParticles: Destroying 0 GPU particle simulations for FXSystem 0x0000002729E036A0
[2014.10.10-22.38.17:632][  0]LogEditorServer: Finished looking for orphan Actors (0.000 secs)
[2014.10.10-22.38.17:632][  0]LogAIModule: Creating AISystem for world Template_Default
[2014.10.10-22.38.17:633][  0]Cmd: MAP CHECKDEP
[2014.10.10-22.38.17:633][  0]MapCheck: New page: Untitled_1 - Oct 11, 2014, 6:38:17 AM
[2014.10.10-22.38.17:664][  0]MapCheck: Info ========== Map Check: 0 Error(s), 0 Warning(s), [31.212ms] ==========
[2014.10.10-22.38.17:665][  0]LogFileHelpers: Loading map 'Template_Default' took 0.155
[2014.10.10-22.38.17:756][  0]LogCollectionManager: Loaded 0 collections in 0.000904 seconds
[2014.10.10-22.38.17:765][  0]LogContentBrowser:Verbose: The content browser source was changed by the sources view to '/Game'
[2014.10.10-22.38.17:865][  0]LogCrashTracker: Crashtracker disabled due to settings.
[2014.10.10-22.38.17:927][  0