Log file open, 10/12/14 02:31:31
LogInit:Display: Running engine for game: Tokyo
LogInit: Version: 4.4.3-2296771+++depot+UE4-Releases+4.4
LogInit: API Version: 2255576
LogInit: Compiled (64-bit): Sep 13 2014 22:30:58
LogInit: Build Configuration: Development
LogInit: Branch Name: ++depot+UE4-Releases+4.4
LogInit: Command line: 
LogInit: Base directory: C:/Program Files/Unreal Engine/4.4/Engine/Binaries/Win64/
LogInit: Rocket: 1
[2014.10.11-22.31.31:983][  0]LogTaskGraph: Started task graph with 3 named threads and 4 total threads.
[2014.10.11-22.31.32:010][  0]LogOnline:Warning: No default platform service specified for OnlineSubsystem
[2014.10.11-22.31.32:018][  0]LogInit: Presizing for 0 objects not considered by GC, pre-allocating 0 bytes.
[2014.10.11-22.31.32:023][  0]LogInit: Object subsystem initialized
[2014.10.11-22.31.32:024][  0]LogInit: Selected Device Profile: [Windows]
[2014.10.11-22.31.32:025][  0]LogInit: Applying CVar settings loaded from the selected device profile: [Windows]
[2014.10.11-22.31.32:027][  0]LogInit: Computer: EVGENY
[2014.10.11-22.31.32:028][  0]LogInit: User: Evgeny
[2014.10.11-22.31.32:029][  0]LogInit: CPU Page size=4096, Cores=4
[2014.10.11-22.31.32:029][  0]LogInit: High frequency timer resolution =3.320317 MHz
[2014.10.11-22.31.32:030][  0]LogMemory: Memory total: Physical=31.9GB (32GB approx) Virtual=131072.0GB
[2014.10.11-22.31.32:030][  0]LogMemory: Platform Memory Stats for Windows
[2014.10.11-22.31.32:030][  0]LogMemory: Process Physical Memory: 60.31 MB used, 60.31 MB peak
[2014.10.11-22.31.32:030][  0]LogMemory: Process Virtual Memory: 38.16 MB used, 38.16 MB peak
[2014.10.11-22.31.32:030][  0]LogMemory: Physical Memory: 8846.68 MB used, 32673.82 MB total
[2014.10.11-22.31.32:031][  0]LogMemory: Virtual Memory: 271.21 MB used, 134217728.00 MB total
[2014.10.11-22.31.32:079][  0]LogD3D11RHI: Found D3D11 adapter 0: NVIDIA GeForce GTX 780 (Feature Level 11_0)
[2014.10.11-22.31.32:079][  0]LogD3D11RHI: Adapter has 2930MB of dedicated video memory, 0MB of dedicated system memory, and 16336MB of shared system memory, 1 output[s]
[2014.10.11-22.31.32:085][  0]LogD3D11RHI: Found D3D11 adapter 1: Microsoft Basic Render Driver (Feature Level 11_0)
[2014.10.11-22.31.32:085][  0]LogD3D11RHI: Adapter has 0MB of dedicated video memory, 0MB of dedicated system memory, and 256MB of shared system memory, 0 output[s]
[2014.10.11-22.31.32:086][  0]LogD3D11RHI: Chosen D3D11 Adapter Id = 0
[2014.10.11-22.31.32:089][  0]LogRHI: Texture pool is 1361 MB (70% of 1945 MB)
[2014.10.11-22.31.32:129][  0]LogD3D11RHI: Async texture creation enabled
[2014.10.11-22.31.32:183][  0]LogTextLocalizationManager:Warning: The selected culture 'ru_RU' is not available; falling back to 'en'
[2014.10.11-22.31.32:240][  0]LogContentStreaming: Texture pool size is 0.000000MB
[2014.10.11-22.31.33:266][  0]LogTargetPlatformManager:Display: Building Assets For Windows
[2014.10.11-22.31.33:573][  0]LogTargetPlatformManager:Display: Building Assets For Windows
[2014.10.11-22.31.33:600][  0]LogDerivedDataCache:Display: Max Cache Size: 512 MB
[2014.10.11-22.31.33:632][  0]LogDerivedDataCache: Loaded boot cache 0.03s 39MB C:/Users/Evgeny/AppData/Local/UnrealEngine/4.4/DerivedDataCache/Boot.ddc.
[2014.10.11-22.31.33:633][  0]LogDerivedDataCache:Display: Loaded Boot cache: C:/Users/Evgeny/AppData/Local/UnrealEngine/4.4/DerivedDataCache/Boot.ddc
[2014.10.11-22.31.33:633][  0]LogDerivedDataCache: FDerivedDataBackendGraph:  Pak pak cache file ../../../../../../Dgek/Tokyo/DerivedDataCache/DDC.ddp not found, will not use a pak cache.
[2014.10.11-22.31.33:633][  0]LogDerivedDataCache: Unable to find inner node Pak for hierarchical cache Hierarchy.
[2014.10.11-22.31.33:646][  0]LogDerivedDataCache:Display: Pak cache opened for reading ../../../Engine/DerivedDataCache/DDC.ddp.
[2014.10.11-22.31.33:659][  0]LogDerivedDataCache: Using Local data cache path C:/Users/Evgeny/AppData/Local/UnrealEngine/4.4/DerivedDataCache: Writable
[2014.10.11-22.31.33:768][  0]LogMeshUtilities: No automatic mesh reduction module available
[2014.10.11-22.31.33:768][  0]LogMeshUtilities: No automatic mesh merging module available
[2014.10.11-22.31.34:017][  0]LogInit: WinSock: version 1.1 (2.2), MaxSocks=32767, MaxUdp=65467
[2014.10.11-22.31.34:544][  0]LogStats:Warning: MetaData mismatch. Did you assign a stat to two groups? New //STATGROUP_Threads//FMonitoredProcess///Thread_2b8c_0///////STATCAT_Advanced//// old //STATGROUP_Threads//FMonitoredProcess///Thread_2928_0///////STATCAT_Advanced////
[2014.10.11-22.31.34:545][  0]UdpMessaging: Initializing bridge on interface 0.0.0.0:0 to multicast group 230.0.0.1:6666.
[2014.10.11-22.31.34:649][  0]SourceControl: Info Source control is disabled
[2014.10.11-22.31.34:650][  0]SourceControl: Info Source control is disabled
[2014.10.11-22.31.34:654][  0]SourceControl: Info Source control is disabled
[2014.10.11-22.31.34:771][  0]BlueprintLog: New page: Editor Load
[2014.10.11-22.31.34:836][  0]LogObj: 21465 objects as part of root set at end of initial load.
[2014.10.11-22.31.34:837][  0]LogUObjectAllocator: 4238560 out of 0 bytes used by permanent object pool.
[2014.10.11-22.31.34:996][  0]LogEngine: Initializing Engine...
[2014.10.11-22.31.35:065][  0]LogInit: XAudio2 using '0CH=8:8 30@=8BC@K (Razer Kraken 7.1)' : 2 channels at 44.1 kHz using 16 bits per sample (channel mask 0x3)
[2014.10.11-22.31.35:087][  0]LogInit: FAudioDevice initialized.
[2014.10.11-22.31.35:097][  0]LogAIModule: Creating AISystem for world NewWorld
[2014.10.11-22.31.35:118][  0]LogDerivedDataCache: Saved boot cache 0.02s 39MB C:/Users/Evgeny/AppData/Local/UnrealEngine/4.4/DerivedDataCache/Boot.ddc.
[2014.10.11-22.31.35:121][  0]LogInit: Texture streaming: Enabled
[2014.10.11-22.31.35:145][  0]LogInit: Transaction tracking system initialized
[2014.10.11-22.31.35:233][  0]LogAssetRegistry: FAssetRegistry took 0.0115 seconds to start up
[2014.10.11-22.31.35:572][  0]LogTargetPlatformManager:Display: Building Assets For Windows
[2014.10.11-22.31.35:798][  0]LogTargetPlatformManager:Display: Building Assets For Windows
[2014.10.11-22.31.35:883][  0]LogConsoleResponse:Display: 
[2014.10.11-22.31.35:985][  0]LogStats:Warning: MetaData mismatch. Did you assign a stat to two groups? New //STATGROUP_Threads//FMonitoredProcess///Thread_171c_0///////STATCAT_Advanced//// old //STATGROUP_Threads//FMonitoredProcess///Thread_2928_0///////STATCAT_Advanced////
[2014.10.11-22.31.35:985][  0]LogStats:Warning: MetaData mismatch. Did you assign a stat to two groups? New //STATGROUP_Threads//FMonitoredProcess///Thread_2a2c_0///////STATCAT_Advanced//// old //STATGROUP_Threads//FMonitoredProcess///Thread_2928_0///////STATCAT_Advanced////
[2014.10.11-22.31.35:986][  0]SourceControl: Info Source control is disabled
[2014.10.11-22.31.35:986][  0]Cmd: MAP LOAD FILE="../../../../../../Dgek/Tokyo/Content/Levels/TestLevel.umap" TEMPLATE=0 SHOWPROGRESS=1
[2014.10.11-22.31.35:986][  0]LightingResults: New page: Lighting Build
[2014.10.11-22.31.35:991][  0]MapCheck: New page: Map Check
[2014.10.11-22.31.35:991][  0]LightingResults: New page: Lighting Build
[2014.10.11-22.31.36:002][  0]LogParticles: Destroying 0 GPU particle simulations for FXSystem 0x000000AD99B3B6A0
[2014.10.11-22.31.36:011][  0]LogEditorServer: Finished looking for orphan Actors (0.000 secs)
[2014.10.11-22.31.36:012][  0]LogAIModule: Creating AISystem for world TestLevel
[2014.10.11-22.31.36:012][  0]Cmd: MAP CHECKDEP
[2014.10.11-22.31.36:013][  0]MapCheck: New page: TestLevel - Oct 12, 2014, 6:31:36 AM
[2014.10.11-22.31.36:041][  0]MapCheck: Info ========== Map Check: 0 Error(s), 0 Warning(s), [28.015ms] ==========
[2014.10.11-22.31.36:041][  0]LogFileHelpers: Loading map 'TestLevel' took 0.055
[2014.10.11-22.31.36:132][  0]LogCollectionManager: Loaded 0 collections in 0.000990 seconds
[2014.10.11-22.31.36:200][  0]LogCrashTracker: Crashtracker disabled due to settings.
[2014.10.11-22.31.36:244][  0]LogLoad: Full Startup: 5.80 seconds (BP compile: 0.00 seconds)
[2014.10.11-22.31.36:256][  0]LogContentBrowser:Verbose: The content browser sou